Flow report for averagingasp
Sat May 15 22:09:00 2021
Quartus Prime Version 18.1.0 Build 625 09/12/2018 SJ Standard Edition


---------------------
; Table of Contents ;
---------------------
  1. Legal Notice
  2. Flow Summary
  3. Flow Settings
  4. Flow Non-Default Global Settings
  5. Flow Elapsed Time
  6. Flow OS Summary
  7. Flow Log
  8. Flow Messages
  9. Flow Suppressed Messages



----------------
; Legal Notice ;
----------------
Copyright (C) 2018  Intel Corporation. All rights reserved.
Your use of Intel Corporation's design tools, logic functions 
and other software and tools, and its AMPP partner logic 
functions, and any output files from any of the foregoing 
(including device programming or simulation files), and any 
associated documentation or information are expressly subject 
to the terms and conditions of the Intel Program License 
Subscription Agreement, the Intel Quartus Prime License Agreement,
the Intel FPGA IP License Agreement, or other applicable license
agreement, including, without limitation, that your use is for
the sole purpose of programming logic devices manufactured by
Intel and sold by Intel or its authorized distributors.  Please
refer to the applicable agreement for further details.



+-----------------------------------------------------------------------------------+
; Flow Summary                                                                      ;
+---------------------------------+-------------------------------------------------+
; Flow Status                     ; Successful - Sat May 15 22:09:00 2021           ;
; Quartus Prime Version           ; 18.1.0 Build 625 09/12/2018 SJ Standard Edition ;
; Revision Name                   ; averagingasp                                    ;
; Top-level Entity Name           ; averaging_filter                                ;
; Family                          ; Cyclone V                                       ;
; Device                          ; 5CSEMA5F31C6                                    ;
; Timing Models                   ; Final                                           ;
; Logic utilization (in ALMs)     ; 26 / 32,070 ( < 1 % )                           ;
; Total registers                 ; 49                                              ;
; Total pins                      ; 33 / 457 ( 7 % )                                ;
; Total virtual pins              ; 0                                               ;
; Total block memory bits         ; 640 / 4,065,280 ( < 1 % )                       ;
; Total DSP Blocks                ; 0 / 87 ( 0 % )                                  ;
; Total HSSI RX PCSs              ; 0                                               ;
; Total HSSI PMA RX Deserializers ; 0                                               ;
; Total HSSI TX PCSs              ; 0                                               ;
; Total HSSI PMA TX Serializers   ; 0                                               ;
; Total PLLs                      ; 0 / 6 ( 0 % )                                   ;
; Total DLLs                      ; 0 / 4 ( 0 % )                                   ;
+---------------------------------+-------------------------------------------------+


+-----------------------------------------+
; Flow Settings                           ;
+-------------------+---------------------+
; Option            ; Setting             ;
+-------------------+---------------------+
; Start date & time ; 05/15/2021 21:19:28 ;
; Main task         ; Compilation         ;
; Revision Name     ; averagingasp        ;
+-------------------+---------------------+


+----------------------------------------------------------------------------------------------------------------------------------+
; Flow Non-Default Global Settings                                                                                                 ;
+-------------------------------------+----------------------------------------+---------------+------------------+----------------+
; Assignment Name                     ; Value                                  ; Default Value ; Entity Name      ; Section Id     ;
+-------------------------------------+----------------------------------------+---------------+------------------+----------------+
; COMPILER_SIGNATURE_ID               ; 118933449006424.162107036717444        ; --            ; --               ; --             ;
; EDA_NETLIST_WRITER_OUTPUT_DIR       ; simulation/modelsim                    ; --            ; --               ; eda_simulation ;
; EDA_OUTPUT_DATA_FORMAT              ; Vhdl                                   ; --            ; --               ; eda_simulation ;
; EDA_SIMULATION_TOOL                 ; ModelSim (VHDL)                        ; <None>        ; --               ; --             ;
; EDA_TIME_SCALE                      ; 1 ps                                   ; --            ; --               ; eda_simulation ;
; PARTITION_COLOR                     ; -- (Not supported for targeted family) ; --            ; averaging_filter ; Top            ;
; PARTITION_FITTER_PRESERVATION_LEVEL ; -- (Not supported for targeted family) ; --            ; averaging_filter ; Top            ;
; PARTITION_NETLIST_TYPE              ; -- (Not supported for targeted family) ; --            ; averaging_filter ; Top            ;
; PROJECT_OUTPUT_DIRECTORY            ; output_files                           ; --            ; --               ; --             ;
; TOP_LEVEL_ENTITY                    ; averaging_filter                       ; averagingasp  ; --               ; --             ;
+-------------------------------------+----------------------------------------+---------------+------------------+----------------+


+--------------------------------------------------------------------------------------------------------------------------+
; Flow Elapsed Time                                                                                                        ;
+----------------------+--------------+-------------------------+---------------------+------------------------------------+
; Module Name          ; Elapsed Time ; Average Processors Used ; Peak Virtual Memory ; Total CPU Time (on all processors) ;
+----------------------+--------------+-------------------------+---------------------+------------------------------------+
; Analysis & Synthesis ; 00:00:11     ; 1.0                     ; 4874 MB             ; 00:00:19                           ;
; Fitter               ; 00:00:32     ; 1.0                     ; 6857 MB             ; 00:01:05                           ;
; Assembler            ; 00:00:09     ; 1.0                     ; 4838 MB             ; 00:00:06                           ;
; Timing Analyzer      ; 00:00:08     ; 1.0                     ; 5189 MB             ; 00:00:05                           ;
; EDA Netlist Writer   ; 00:00:01     ; 1.0                     ; 4742 MB             ; 00:00:02                           ;
; EDA Netlist Writer   ; 00:00:02     ; 1.0                     ; 4712 MB             ; 00:00:01                           ;
; Total                ; 00:01:03     ; --                      ; --                  ; 00:01:38                           ;
+----------------------+--------------+-------------------------+---------------------+------------------------------------+


+------------------------------------------------------------------------------------+
; Flow OS Summary                                                                    ;
+----------------------+------------------+------------+------------+----------------+
; Module Name          ; Machine Hostname ; OS Name    ; OS Version ; Processor type ;
+----------------------+------------------+------------+------------+----------------+
; Analysis & Synthesis ; EN403186         ; Windows 10 ; 10.0       ; x86_64         ;
; Fitter               ; EN403186         ; Windows 10 ; 10.0       ; x86_64         ;
; Assembler            ; EN403186         ; Windows 10 ; 10.0       ; x86_64         ;
; Timing Analyzer      ; EN403186         ; Windows 10 ; 10.0       ; x86_64         ;
; EDA Netlist Writer   ; EN403186         ; Windows 10 ; 10.0       ; x86_64         ;
; EDA Netlist Writer   ; EN403186         ; Windows 10 ; 10.0       ; x86_64         ;
+----------------------+------------------+------------+------------+----------------+


------------
; Flow Log ;
------------
quartus_map --read_settings_files=on --write_settings_files=off averagingasp -c averagingasp
quartus_fit --read_settings_files=off --write_settings_files=off averagingasp -c averagingasp
quartus_asm --read_settings_files=off --write_settings_files=off averagingasp -c averagingasp
quartus_sta averagingasp -c averagingasp
quartus_eda --read_settings_files=off --write_settings_files=off averagingasp -c averagingasp
quartus_eda --read_settings_files=on --write_settings_files=off averagingasp -c averagingasp --gen_testbench



