EDA Netlist Writer report for noise_reduction
Wed May 19 22:03:28 2021
Quartus Prime Version 18.1.0 Build 625 09/12/2018 SJ Standard Edition


---------------------
; Table of Contents ;
---------------------
  1. Legal Notice
  2. EDA Netlist Writer Summary
  3. EDA Netlist Writer Messages



----------------
; Legal Notice ;
----------------
Copyright (C) 2018  Intel Corporation. All rights reserved.
Your use of Intel Corporation's design tools, logic functions 
and other software and tools, and its AMPP partner logic 
functions, and any output files from any of the foregoing 
(including device programming or simulation files), and any 
associated documentation or information are expressly subject 
to the terms and conditions of the Intel Program License 
Subscription Agreement, the Intel Quartus Prime License Agreement,
the Intel FPGA IP License Agreement, or other applicable license
agreement, including, without limitation, that your use is for
the sole purpose of programming logic devices manufactured by
Intel and sold by Intel or its authorized distributors.  Please
refer to the applicable agreement for further details.



+-------------------------------------------------------------------+
; EDA Netlist Writer Summary                                        ;
+---------------------------+---------------------------------------+
; EDA Netlist Writer Status ; Successful - Wed May 19 22:03:28 2021 ;
; Revision Name             ; noise_reduction                       ;
; Top-level Entity Name     ; noise_reduction_filter                ;
; Family                    ; Cyclone V                             ;
+---------------------------+---------------------------------------+


+-----------------------------+
; EDA Netlist Writer Messages ;
+-----------------------------+
Info: *******************************************************************
Info: Running Quartus Prime EDA Netlist Writer
    Info: Version 18.1.0 Build 625 09/12/2018 SJ Standard Edition
    Info: Processing started: Wed May 19 22:03:27 2021
Info: Command: quartus_eda --read_settings_files=on --write_settings_files=off noise_reduction -c noise_reduction --gen_testbench
Warning (18236): Number of processors has not been specified which may cause overloading on shared machines.  Set the global assignment NUM_PARALLEL_PROCESSORS in your QSF to an appropriate value for best performance.
Info (201002): Generated VHDL Test Bench File /Desktop/hsin849/digital_system_design_vhdl/noise_reduction/simulation/modelsim/noise_reduction_filter.vht for simulation
Info: Quartus Prime EDA Netlist Writer was successful. 0 errors, 1 warning
    Info: Peak virtual memory: 4716 megabytes
    Info: Processing ended: Wed May 19 22:03:28 2021
    Info: Elapsed time: 00:00:01
    Info: Total CPU time (on all processors): 00:00:01


