Analysis & Synthesis report for noise_reduction
Wed May 19 22:02:02 2021
Quartus Prime Version 18.1.0 Build 625 09/12/2018 SJ Standard Edition


---------------------
; Table of Contents ;
---------------------
  1. Legal Notice
  2. Analysis & Synthesis Summary
  3. Analysis & Synthesis Settings
  4. Parallel Compilation
  5. Analysis & Synthesis Source Files Read
  6. Analysis & Synthesis Resource Usage Summary
  7. Analysis & Synthesis Resource Utilization by Entity
  8. Analysis & Synthesis RAM Summary
  9. Registers Removed During Synthesis
 10. Removed Registers Triggering Further Register Optimizations
 11. General Register Statistics
 12. Inverted Register Statistics
 13. Registers Added for RAM Pass-Through Logic
 14. Source assignments for averaging_filter:avg_fil|altsyncram:backlog_rtl_0|altsyncram_3iq1:auto_generated
 15. Parameter Settings for Inferred Entity Instance: averaging_filter:avg_fil|altsyncram:backlog_rtl_0
 16. altsyncram Parameter Settings by Entity Instance
 17. Port Connectivity Checks: "averaging_filter:avg_fil"
 18. Post-Synthesis Netlist Statistics for Top Partition
 19. Elapsed Time Per Partition
 20. Analysis & Synthesis Messages



----------------
; Legal Notice ;
----------------
Copyright (C) 2018  Intel Corporation. All rights reserved.
Your use of Intel Corporation's design tools, logic functions 
and other software and tools, and its AMPP partner logic 
functions, and any output files from any of the foregoing 
(including device programming or simulation files), and any 
associated documentation or information are expressly subject 
to the terms and conditions of the Intel Program License 
Subscription Agreement, the Intel Quartus Prime License Agreement,
the Intel FPGA IP License Agreement, or other applicable license
agreement, including, without limitation, that your use is for
the sole purpose of programming logic devices manufactured by
Intel and sold by Intel or its authorized distributors.  Please
refer to the applicable agreement for further details.



+-----------------------------------------------------------------------------------+
; Analysis & Synthesis Summary                                                      ;
+---------------------------------+-------------------------------------------------+
; Analysis & Synthesis Status     ; Successful - Wed May 19 22:02:02 2021           ;
; Quartus Prime Version           ; 18.1.0 Build 625 09/12/2018 SJ Standard Edition ;
; Revision Name                   ; noise_reduction                                 ;
; Top-level Entity Name           ; noise_reduction_filter                          ;
; Family                          ; Cyclone V                                       ;
; Logic utilization (in ALMs)     ; N/A                                             ;
; Total registers                 ; 339                                             ;
; Total pins                      ; 33                                              ;
; Total virtual pins              ; 0                                               ;
; Total block memory bits         ; 64                                              ;
; Total DSP Blocks                ; 0                                               ;
; Total HSSI RX PCSs              ; 0                                               ;
; Total HSSI PMA RX Deserializers ; 0                                               ;
; Total HSSI TX PCSs              ; 0                                               ;
; Total HSSI PMA TX Serializers   ; 0                                               ;
; Total PLLs                      ; 0                                               ;
; Total DLLs                      ; 0                                               ;
+---------------------------------+-------------------------------------------------+


+-------------------------------------------------------------------------------------------------------------------------------+
; Analysis & Synthesis Settings                                                                                                 ;
+---------------------------------------------------------------------------------+------------------------+--------------------+
; Option                                                                          ; Setting                ; Default Value      ;
+---------------------------------------------------------------------------------+------------------------+--------------------+
; Device                                                                          ; 5CSEMA5F31C6           ;                    ;
; Top-level entity name                                                           ; noise_reduction_filter ; noise_reduction    ;
; Family name                                                                     ; Cyclone V              ; Cyclone V          ;
; Use smart compilation                                                           ; Off                    ; Off                ;
; Enable parallel Assembler and Timing Analyzer during compilation                ; On                     ; On                 ;
; Enable compact report table                                                     ; Off                    ; Off                ;
; Restructure Multiplexers                                                        ; Auto                   ; Auto               ;
; MLAB Add Timing Constraints For Mixed-Port Feed-Through Mode Setting Don't Care ; Off                    ; Off                ;
; Create Debugging Nodes for IP Cores                                             ; Off                    ; Off                ;
; Preserve fewer node names                                                       ; On                     ; On                 ;
; Intel FPGA IP Evaluation Mode                                                   ; Enable                 ; Enable             ;
; Verilog Version                                                                 ; Verilog_2001           ; Verilog_2001       ;
; VHDL Version                                                                    ; VHDL_1993              ; VHDL_1993          ;
; State Machine Processing                                                        ; Auto                   ; Auto               ;
; Safe State Machine                                                              ; Off                    ; Off                ;
; Extract Verilog State Machines                                                  ; On                     ; On                 ;
; Extract VHDL State Machines                                                     ; On                     ; On                 ;
; Ignore Verilog initial constructs                                               ; Off                    ; Off                ;
; Iteration limit for constant Verilog loops                                      ; 5000                   ; 5000               ;
; Iteration limit for non-constant Verilog loops                                  ; 250                    ; 250                ;
; Add Pass-Through Logic to Inferred RAMs                                         ; On                     ; On                 ;
; Infer RAMs from Raw Logic                                                       ; On                     ; On                 ;
; Parallel Synthesis                                                              ; On                     ; On                 ;
; DSP Block Balancing                                                             ; Auto                   ; Auto               ;
; NOT Gate Push-Back                                                              ; On                     ; On                 ;
; Power-Up Don't Care                                                             ; On                     ; On                 ;
; Remove Redundant Logic Cells                                                    ; Off                    ; Off                ;
; Remove Duplicate Registers                                                      ; On                     ; On                 ;
; Ignore CARRY Buffers                                                            ; Off                    ; Off                ;
; Ignore CASCADE Buffers                                                          ; Off                    ; Off                ;
; Ignore GLOBAL Buffers                                                           ; Off                    ; Off                ;
; Ignore ROW GLOBAL Buffers                                                       ; Off                    ; Off                ;
; Ignore LCELL Buffers                                                            ; Off                    ; Off                ;
; Ignore SOFT Buffers                                                             ; On                     ; On                 ;
; Limit AHDL Integers to 32 Bits                                                  ; Off                    ; Off                ;
; Optimization Technique                                                          ; Balanced               ; Balanced           ;
; Carry Chain Length                                                              ; 70                     ; 70                 ;
; Auto Carry Chains                                                               ; On                     ; On                 ;
; Auto Open-Drain Pins                                                            ; On                     ; On                 ;
; Perform WYSIWYG Primitive Resynthesis                                           ; Off                    ; Off                ;
; Auto ROM Replacement                                                            ; On                     ; On                 ;
; Auto RAM Replacement                                                            ; On                     ; On                 ;
; Auto DSP Block Replacement                                                      ; On                     ; On                 ;
; Auto Shift Register Replacement                                                 ; Auto                   ; Auto               ;
; Allow Shift Register Merging across Hierarchies                                 ; Auto                   ; Auto               ;
; Auto Clock Enable Replacement                                                   ; On                     ; On                 ;
; Strict RAM Replacement                                                          ; Off                    ; Off                ;
; Allow Synchronous Control Signals                                               ; On                     ; On                 ;
; Force Use of Synchronous Clear Signals                                          ; Off                    ; Off                ;
; Auto Resource Sharing                                                           ; Off                    ; Off                ;
; Allow Any RAM Size For Recognition                                              ; Off                    ; Off                ;
; Allow Any ROM Size For Recognition                                              ; Off                    ; Off                ;
; Allow Any Shift Register Size For Recognition                                   ; Off                    ; Off                ;
; Use LogicLock Constraints during Resource Balancing                             ; On                     ; On                 ;
; Ignore translate_off and synthesis_off directives                               ; Off                    ; Off                ;
; Timing-Driven Synthesis                                                         ; On                     ; On                 ;
; Report Parameter Settings                                                       ; On                     ; On                 ;
; Report Source Assignments                                                       ; On                     ; On                 ;
; Report Connectivity Checks                                                      ; On                     ; On                 ;
; Ignore Maximum Fan-Out Assignments                                              ; Off                    ; Off                ;
; Synchronization Register Chain Length                                           ; 3                      ; 3                  ;
; Power Optimization During Synthesis                                             ; Normal compilation     ; Normal compilation ;
; HDL message level                                                               ; Level2                 ; Level2             ;
; Suppress Register Optimization Related Messages                                 ; Off                    ; Off                ;
; Number of Removed Registers Reported in Synthesis Report                        ; 5000                   ; 5000               ;
; Number of Swept Nodes Reported in Synthesis Report                              ; 5000                   ; 5000               ;
; Number of Inverted Registers Reported in Synthesis Report                       ; 100                    ; 100                ;
; Clock MUX Protection                                                            ; On                     ; On                 ;
; Auto Gated Clock Conversion                                                     ; Off                    ; Off                ;
; Block Design Naming                                                             ; Auto                   ; Auto               ;
; SDC constraint protection                                                       ; Off                    ; Off                ;
; Synthesis Effort                                                                ; Auto                   ; Auto               ;
; Shift Register Replacement - Allow Asynchronous Clear Signal                    ; On                     ; On                 ;
; Pre-Mapping Resynthesis Optimization                                            ; Off                    ; Off                ;
; Analysis & Synthesis Message Level                                              ; Medium                 ; Medium             ;
; Disable Register Merging Across Hierarchies                                     ; Auto                   ; Auto               ;
; Resource Aware Inference For Block RAM                                          ; On                     ; On                 ;
; Automatic Parallel Synthesis                                                    ; On                     ; On                 ;
; Partial Reconfiguration Bitstream ID                                            ; Off                    ; Off                ;
+---------------------------------------------------------------------------------+------------------------+--------------------+


+------------------------------------------+
; Parallel Compilation                     ;
+----------------------------+-------------+
; Processors                 ; Number      ;
+----------------------------+-------------+
; Number detected on machine ; 8           ;
; Maximum allowed            ; 8           ;
;                            ;             ;
; Average used               ; 1.00        ;
; Maximum used               ; 8           ;
;                            ;             ;
; Usage by Processor         ; % Time Used ;
;     Processor 1            ; 100.0%      ;
;     Processor 2            ;   0.0%      ;
;     Processor 3            ;   0.0%      ;
;     Processor 4            ;   0.0%      ;
;     Processor 5            ;   0.0%      ;
;     Processor 6            ;   0.0%      ;
;     Processor 7            ;   0.0%      ;
;     Processor 8            ;   0.0%      ;
+----------------------------+-------------+


+--------------------------------------------------------------------------------------------------------------------------------------------------------------------------------------------------------------------------------------------------------------------------------------------------+
; Analysis & Synthesis Source Files Read                                                                                                                                                                                                                                                           ;
+----------------------------------------------------------+-----------------+-------------------------------------------------------+---------------------------------------------------------------------------------------------------------------------------------------------------+---------+
; File Name with User-Entered Path                         ; Used in Netlist ; File Type                                             ; File Name with Absolute Path                                                                                                                      ; Library ;
+----------------------------------------------------------+-----------------+-------------------------------------------------------+---------------------------------------------------------------------------------------------------------------------------------------------------+---------+
; averaging_filter.vhd                                     ; yes             ; User VHDL File                                        ; //files.auckland.ac.nz/myhome/Desktop/hsin849/digital_system_design_vhdl/noise_reduction/averaging_filter.vhd                                     ;         ;
; asp_types.vhd                                            ; yes             ; User VHDL File                                        ; //files.auckland.ac.nz/myhome/Desktop/hsin849/digital_system_design_vhdl/noise_reduction/asp_types.vhd                                            ;         ;
; lower_smoother.vhd                                       ; yes             ; User VHDL File                                        ; //files.auckland.ac.nz/myhome/Desktop/hsin849/digital_system_design_vhdl/noise_reduction/lower_smoother.vhd                                       ;         ;
; lulu_smoother.vhd                                        ; yes             ; User VHDL File                                        ; //files.auckland.ac.nz/myhome/Desktop/hsin849/digital_system_design_vhdl/noise_reduction/lulu_smoother.vhd                                        ;         ;
; upper_smoother.vhd                                       ; yes             ; User VHDL File                                        ; //files.auckland.ac.nz/myhome/Desktop/hsin849/digital_system_design_vhdl/noise_reduction/upper_smoother.vhd                                       ;         ;
; noise_reduction_filter.vhd                               ; yes             ; User VHDL File                                        ; //files.auckland.ac.nz/myhome/Desktop/hsin849/digital_system_design_vhdl/noise_reduction/noise_reduction_filter.vhd                               ;         ;
; altsyncram.tdf                                           ; yes             ; Megafunction                                          ; c:/intelfpga/18.1/quartus/libraries/megafunctions/altsyncram.tdf                                                                                  ;         ;
; stratix_ram_block.inc                                    ; yes             ; Megafunction                                          ; c:/intelfpga/18.1/quartus/libraries/megafunctions/stratix_ram_block.inc                                                                           ;         ;
; lpm_mux.inc                                              ; yes             ; Megafunction                                          ; c:/intelfpga/18.1/quartus/libraries/megafunctions/lpm_mux.inc                                                                                     ;         ;
; lpm_decode.inc                                           ; yes             ; Megafunction                                          ; c:/intelfpga/18.1/quartus/libraries/megafunctions/lpm_decode.inc                                                                                  ;         ;
; aglobal181.inc                                           ; yes             ; Megafunction                                          ; c:/intelfpga/18.1/quartus/libraries/megafunctions/aglobal181.inc                                                                                  ;         ;
; a_rdenreg.inc                                            ; yes             ; Megafunction                                          ; c:/intelfpga/18.1/quartus/libraries/megafunctions/a_rdenreg.inc                                                                                   ;         ;
; altrom.inc                                               ; yes             ; Megafunction                                          ; c:/intelfpga/18.1/quartus/libraries/megafunctions/altrom.inc                                                                                      ;         ;
; altram.inc                                               ; yes             ; Megafunction                                          ; c:/intelfpga/18.1/quartus/libraries/megafunctions/altram.inc                                                                                      ;         ;
; altdpram.inc                                             ; yes             ; Megafunction                                          ; c:/intelfpga/18.1/quartus/libraries/megafunctions/altdpram.inc                                                                                    ;         ;
; db/altsyncram_3iq1.tdf                                   ; yes             ; Auto-Generated Megafunction                           ; //files.auckland.ac.nz/myhome/Desktop/hsin849/digital_system_design_vhdl/noise_reduction/db/altsyncram_3iq1.tdf                                   ;         ;
; db/noise_reduction.ram0_averaging_filter_bec5dfe.hdl.mif ; yes             ; Auto-Generated Auto-Found Memory Initialization File  ; //files.auckland.ac.nz/myhome/Desktop/hsin849/digital_system_design_vhdl/noise_reduction/db/noise_reduction.ram0_averaging_filter_bec5dfe.hdl.mif ;         ;
+----------------------------------------------------------+-----------------+-------------------------------------------------------+---------------------------------------------------------------------------------------------------------------------------------------------------+---------+


+---------------------------------------------------------+
; Analysis & Synthesis Resource Usage Summary             ;
+---------------------------------------------+-----------+
; Resource                                    ; Usage     ;
+---------------------------------------------+-----------+
; Estimate of Logic utilization (ALMs needed) ; 237       ;
;                                             ;           ;
; Combinational ALUT usage for logic          ; 326       ;
;     -- 7 input functions                    ; 0         ;
;     -- 6 input functions                    ; 72        ;
;     -- 5 input functions                    ; 82        ;
;     -- 4 input functions                    ; 75        ;
;     -- <=3 input functions                  ; 97        ;
;                                             ;           ;
; Dedicated logic registers                   ; 339       ;
;                                             ;           ;
; I/O pins                                    ; 33        ;
; Total MLAB memory bits                      ; 0         ;
; Total block memory bits                     ; 64        ;
;                                             ;           ;
; Total DSP Blocks                            ; 0         ;
;                                             ;           ;
; Maximum fan-out node                        ; clk~input ;
; Maximum fan-out                             ; 355       ;
; Total fan-out                               ; 2505      ;
; Average fan-out                             ; 3.35      ;
+---------------------------------------------+-----------+


+-------------------------------------------------------------------------------------------------------------------------------------------------------------------------------------------------------------------------------------------------------------------------------------------------------+
; Analysis & Synthesis Resource Utilization by Entity                                                                                                                                                                                                                                                   ;
+-------------------------------------------+---------------------+---------------------------+-------------------+------------+------+--------------+----------------------------------------------------------------------------------------------------------+------------------------+--------------+
; Compilation Hierarchy Node                ; Combinational ALUTs ; Dedicated Logic Registers ; Block Memory Bits ; DSP Blocks ; Pins ; Virtual Pins ; Full Hierarchy Name                                                                                      ; Entity Name            ; Library Name ;
+-------------------------------------------+---------------------+---------------------------+-------------------+------------+------+--------------+----------------------------------------------------------------------------------------------------------+------------------------+--------------+
; |noise_reduction_filter                   ; 326 (0)             ; 339 (0)                   ; 64                ; 0          ; 33   ; 0            ; |noise_reduction_filter                                                                                  ; noise_reduction_filter ; work         ;
;    |averaging_filter:avg_fil|             ; 51 (51)             ; 57 (57)                   ; 64                ; 0          ; 0    ; 0            ; |noise_reduction_filter|averaging_filter:avg_fil                                                         ; averaging_filter       ; work         ;
;       |altsyncram:backlog_rtl_0|          ; 0 (0)               ; 0 (0)                     ; 64                ; 0          ; 0    ; 0            ; |noise_reduction_filter|averaging_filter:avg_fil|altsyncram:backlog_rtl_0                                ; altsyncram             ; work         ;
;          |altsyncram_3iq1:auto_generated| ; 0 (0)               ; 0 (0)                     ; 64                ; 0          ; 0    ; 0            ; |noise_reduction_filter|averaging_filter:avg_fil|altsyncram:backlog_rtl_0|altsyncram_3iq1:auto_generated ; altsyncram_3iq1        ; work         ;
;    |lulu_smoother:lulu|                   ; 275 (0)             ; 282 (0)                   ; 0                 ; 0          ; 0    ; 0            ; |noise_reduction_filter|lulu_smoother:lulu                                                               ; lulu_smoother          ; work         ;
;       |lower_smoother:l1|                 ; 70 (70)             ; 72 (72)                   ; 0                 ; 0          ; 0    ; 0            ; |noise_reduction_filter|lulu_smoother:lulu|lower_smoother:l1                                             ; lower_smoother         ; work         ;
;       |lower_smoother:l2|                 ; 70 (70)             ; 70 (70)                   ; 0                 ; 0          ; 0    ; 0            ; |noise_reduction_filter|lulu_smoother:lulu|lower_smoother:l2                                             ; lower_smoother         ; work         ;
;       |upper_smoother:u1|                 ; 66 (66)             ; 70 (70)                   ; 0                 ; 0          ; 0    ; 0            ; |noise_reduction_filter|lulu_smoother:lulu|upper_smoother:u1                                             ; upper_smoother         ; work         ;
;       |upper_smoother:u2|                 ; 69 (69)             ; 70 (70)                   ; 0                 ; 0          ; 0    ; 0            ; |noise_reduction_filter|lulu_smoother:lulu|upper_smoother:u2                                             ; upper_smoother         ; work         ;
+-------------------------------------------+---------------------+---------------------------+-------------------+------------+------+--------------+----------------------------------------------------------------------------------------------------------+------------------------+--------------+
Note: For table entries with two numbers listed, the numbers in parentheses indicate the number of resources of the given type used by the specific entity alone. The numbers listed outside of parentheses indicate the total resources of the given type used by the specific entity and all of its sub-entities in the hierarchy.


+-----------------------------------------------------------------------------------------------------------------------------------------------------------------------------------------------------------------------------------------------------+
; Analysis & Synthesis RAM Summary                                                                                                                                                                                                                    ;
+---------------------------------------------------------------------------------------------+------+------------------+--------------+--------------+--------------+--------------+------+----------------------------------------------------------+
; Name                                                                                        ; Type ; Mode             ; Port A Depth ; Port A Width ; Port B Depth ; Port B Width ; Size ; MIF                                                      ;
+---------------------------------------------------------------------------------------------+------+------------------+--------------+--------------+--------------+--------------+------+----------------------------------------------------------+
; averaging_filter:avg_fil|altsyncram:backlog_rtl_0|altsyncram_3iq1:auto_generated|ALTSYNCRAM ; AUTO ; Simple Dual Port ; 64           ; 16           ; 64           ; 16           ; 1024 ; db/noise_reduction.ram0_averaging_filter_bec5dfe.hdl.mif ;
+---------------------------------------------------------------------------------------------+------+------------------+--------------+--------------+--------------+--------------+------+----------------------------------------------------------+


+----------------------------------------------------------------------------------------------------------------------------+
; Registers Removed During Synthesis                                                                                         ;
+----------------------------------------------------------+-----------------------------------------------------------------+
; Register name                                            ; Reason for Removal                                              ;
+----------------------------------------------------------+-----------------------------------------------------------------+
; lulu_smoother:lulu|upper_smoother:u2|temp_min[0..15]     ; Stuck at VCC due to stuck port data_in                          ;
; lulu_smoother:lulu|upper_smoother:u2|temp_max[0..15]     ; Stuck at GND due to stuck port data_in                          ;
; lulu_smoother:lulu|lower_smoother:l2|temp_max[0..15]     ; Stuck at GND due to stuck port data_in                          ;
; lulu_smoother:lulu|lower_smoother:l2|temp_min[0..15]     ; Stuck at VCC due to stuck port data_in                          ;
; lulu_smoother:lulu|upper_smoother:u1|temp_min[0..15]     ; Stuck at VCC due to stuck port data_in                          ;
; lulu_smoother:lulu|upper_smoother:u1|temp_max[0..15]     ; Stuck at GND due to stuck port data_in                          ;
; lulu_smoother:lulu|lower_smoother:l1|sig_arr[0][10]      ; Stuck at GND due to stuck port data_in                          ;
; lulu_smoother:lulu|lower_smoother:l1|sig_arr[0][11]      ; Stuck at GND due to stuck port data_in                          ;
; lulu_smoother:lulu|lower_smoother:l1|sig_arr[0][12]      ; Stuck at GND due to stuck port data_in                          ;
; lulu_smoother:lulu|lower_smoother:l1|sig_arr[0][13]      ; Stuck at GND due to stuck port data_in                          ;
; lulu_smoother:lulu|lower_smoother:l1|sig_arr[0][14]      ; Stuck at GND due to stuck port data_in                          ;
; lulu_smoother:lulu|lower_smoother:l1|sig_arr[0][15]      ; Stuck at GND due to stuck port data_in                          ;
; lulu_smoother:lulu|lower_smoother:l1|sig_arr[1][10]      ; Stuck at GND due to stuck port data_in                          ;
; lulu_smoother:lulu|lower_smoother:l1|sig_arr[1][11]      ; Stuck at GND due to stuck port data_in                          ;
; lulu_smoother:lulu|lower_smoother:l1|sig_arr[1][12]      ; Stuck at GND due to stuck port data_in                          ;
; lulu_smoother:lulu|lower_smoother:l1|sig_arr[1][13]      ; Stuck at GND due to stuck port data_in                          ;
; lulu_smoother:lulu|lower_smoother:l1|sig_arr[1][14]      ; Stuck at GND due to stuck port data_in                          ;
; lulu_smoother:lulu|lower_smoother:l1|sig_arr[1][15]      ; Stuck at GND due to stuck port data_in                          ;
; lulu_smoother:lulu|lower_smoother:l1|sig_arr[2][10]      ; Stuck at GND due to stuck port data_in                          ;
; lulu_smoother:lulu|lower_smoother:l1|sig_arr[2][11]      ; Stuck at GND due to stuck port data_in                          ;
; lulu_smoother:lulu|lower_smoother:l1|sig_arr[2][12]      ; Stuck at GND due to stuck port data_in                          ;
; lulu_smoother:lulu|lower_smoother:l1|sig_arr[2][13]      ; Stuck at GND due to stuck port data_in                          ;
; lulu_smoother:lulu|lower_smoother:l1|sig_arr[2][14]      ; Stuck at GND due to stuck port data_in                          ;
; lulu_smoother:lulu|lower_smoother:l1|sig_arr[2][15]      ; Stuck at GND due to stuck port data_in                          ;
; lulu_smoother:lulu|lower_smoother:l1|temp_max[0..15]     ; Stuck at GND due to stuck port data_in                          ;
; lulu_smoother:lulu|lower_smoother:l1|temp_min[0..15]     ; Stuck at VCC due to stuck port data_in                          ;
; lulu_smoother:lulu|upper_smoother:u2|u_arr[0][11]        ; Merged with lulu_smoother:lulu|upper_smoother:u2|u_arr[0][10]   ;
; lulu_smoother:lulu|upper_smoother:u2|u_arr[0][12]        ; Merged with lulu_smoother:lulu|upper_smoother:u2|u_arr[0][10]   ;
; lulu_smoother:lulu|upper_smoother:u2|u_arr[0][13]        ; Merged with lulu_smoother:lulu|upper_smoother:u2|u_arr[0][10]   ;
; lulu_smoother:lulu|upper_smoother:u2|u_arr[0][14]        ; Merged with lulu_smoother:lulu|upper_smoother:u2|u_arr[0][10]   ;
; lulu_smoother:lulu|upper_smoother:u2|u_arr[0][15]        ; Merged with lulu_smoother:lulu|upper_smoother:u2|u_arr[0][10]   ;
; lulu_smoother:lulu|upper_smoother:u2|u_arr[1][11]        ; Merged with lulu_smoother:lulu|upper_smoother:u2|u_arr[1][10]   ;
; lulu_smoother:lulu|upper_smoother:u2|u_arr[1][12]        ; Merged with lulu_smoother:lulu|upper_smoother:u2|u_arr[1][10]   ;
; lulu_smoother:lulu|upper_smoother:u2|u_arr[1][13]        ; Merged with lulu_smoother:lulu|upper_smoother:u2|u_arr[1][10]   ;
; lulu_smoother:lulu|upper_smoother:u2|u_arr[1][14]        ; Merged with lulu_smoother:lulu|upper_smoother:u2|u_arr[1][10]   ;
; lulu_smoother:lulu|upper_smoother:u2|u_arr[1][15]        ; Merged with lulu_smoother:lulu|upper_smoother:u2|u_arr[1][10]   ;
; lulu_smoother:lulu|upper_smoother:u2|u_arr[2][11]        ; Merged with lulu_smoother:lulu|upper_smoother:u2|u_arr[2][10]   ;
; lulu_smoother:lulu|upper_smoother:u2|u_arr[2][12]        ; Merged with lulu_smoother:lulu|upper_smoother:u2|u_arr[2][10]   ;
; lulu_smoother:lulu|upper_smoother:u2|u_arr[2][13]        ; Merged with lulu_smoother:lulu|upper_smoother:u2|u_arr[2][10]   ;
; lulu_smoother:lulu|upper_smoother:u2|u_arr[2][14]        ; Merged with lulu_smoother:lulu|upper_smoother:u2|u_arr[2][10]   ;
; lulu_smoother:lulu|upper_smoother:u2|u_arr[2][15]        ; Merged with lulu_smoother:lulu|upper_smoother:u2|u_arr[2][10]   ;
; lulu_smoother:lulu|upper_smoother:u2|sig_arr[0][11]      ; Merged with lulu_smoother:lulu|upper_smoother:u2|sig_arr[0][10] ;
; lulu_smoother:lulu|upper_smoother:u2|sig_arr[0][12]      ; Merged with lulu_smoother:lulu|upper_smoother:u2|sig_arr[0][10] ;
; lulu_smoother:lulu|upper_smoother:u2|sig_arr[0][13]      ; Merged with lulu_smoother:lulu|upper_smoother:u2|sig_arr[0][10] ;
; lulu_smoother:lulu|upper_smoother:u2|sig_arr[0][14]      ; Merged with lulu_smoother:lulu|upper_smoother:u2|sig_arr[0][10] ;
; lulu_smoother:lulu|upper_smoother:u2|sig_arr[0][15]      ; Merged with lulu_smoother:lulu|upper_smoother:u2|sig_arr[0][10] ;
; lulu_smoother:lulu|upper_smoother:u2|sig_arr[1][11]      ; Merged with lulu_smoother:lulu|upper_smoother:u2|sig_arr[1][10] ;
; lulu_smoother:lulu|upper_smoother:u2|sig_arr[1][12]      ; Merged with lulu_smoother:lulu|upper_smoother:u2|sig_arr[1][10] ;
; lulu_smoother:lulu|upper_smoother:u2|sig_arr[1][13]      ; Merged with lulu_smoother:lulu|upper_smoother:u2|sig_arr[1][10] ;
; lulu_smoother:lulu|upper_smoother:u2|sig_arr[1][14]      ; Merged with lulu_smoother:lulu|upper_smoother:u2|sig_arr[1][10] ;
; lulu_smoother:lulu|upper_smoother:u2|sig_arr[1][15]      ; Merged with lulu_smoother:lulu|upper_smoother:u2|sig_arr[1][10] ;
; lulu_smoother:lulu|upper_smoother:u2|sig_arr[2][11]      ; Merged with lulu_smoother:lulu|upper_smoother:u2|sig_arr[2][10] ;
; lulu_smoother:lulu|upper_smoother:u2|sig_arr[2][12]      ; Merged with lulu_smoother:lulu|upper_smoother:u2|sig_arr[2][10] ;
; lulu_smoother:lulu|upper_smoother:u2|sig_arr[2][13]      ; Merged with lulu_smoother:lulu|upper_smoother:u2|sig_arr[2][10] ;
; lulu_smoother:lulu|upper_smoother:u2|sig_arr[2][14]      ; Merged with lulu_smoother:lulu|upper_smoother:u2|sig_arr[2][10] ;
; lulu_smoother:lulu|upper_smoother:u2|sig_arr[2][15]      ; Merged with lulu_smoother:lulu|upper_smoother:u2|sig_arr[2][10] ;
; lulu_smoother:lulu|lower_smoother:l1|iter_l[1]           ; Merged with lulu_smoother:lulu|lower_smoother:l1|iter[1]        ;
; lulu_smoother:lulu|lower_smoother:l2|iter[1]             ; Merged with lulu_smoother:lulu|lower_smoother:l1|iter[1]        ;
; lulu_smoother:lulu|lower_smoother:l2|iter_l[1]           ; Merged with lulu_smoother:lulu|lower_smoother:l1|iter[1]        ;
; lulu_smoother:lulu|upper_smoother:u1|iter[1]             ; Merged with lulu_smoother:lulu|lower_smoother:l1|iter[1]        ;
; lulu_smoother:lulu|upper_smoother:u1|iter_u[1]           ; Merged with lulu_smoother:lulu|lower_smoother:l1|iter[1]        ;
; lulu_smoother:lulu|upper_smoother:u2|iter[1]             ; Merged with lulu_smoother:lulu|lower_smoother:l1|iter[1]        ;
; lulu_smoother:lulu|upper_smoother:u2|iter_u[1]           ; Merged with lulu_smoother:lulu|lower_smoother:l1|iter[1]        ;
; lulu_smoother:lulu|lower_smoother:l1|iter_l[0]           ; Merged with lulu_smoother:lulu|lower_smoother:l1|iter[0]        ;
; lulu_smoother:lulu|lower_smoother:l2|iter[0]             ; Merged with lulu_smoother:lulu|lower_smoother:l1|iter[0]        ;
; lulu_smoother:lulu|lower_smoother:l2|iter_l[0]           ; Merged with lulu_smoother:lulu|lower_smoother:l1|iter[0]        ;
; lulu_smoother:lulu|upper_smoother:u1|iter[0]             ; Merged with lulu_smoother:lulu|lower_smoother:l1|iter[0]        ;
; lulu_smoother:lulu|upper_smoother:u1|iter_u[0]           ; Merged with lulu_smoother:lulu|lower_smoother:l1|iter[0]        ;
; lulu_smoother:lulu|upper_smoother:u2|iter[0]             ; Merged with lulu_smoother:lulu|lower_smoother:l1|iter[0]        ;
; lulu_smoother:lulu|upper_smoother:u2|iter_u[0]           ; Merged with lulu_smoother:lulu|lower_smoother:l1|iter[0]        ;
; lulu_smoother:lulu|lower_smoother:l2|l_out[11..15]       ; Merged with lulu_smoother:lulu|lower_smoother:l2|l_out[10]      ;
; lulu_smoother:lulu|lower_smoother:l2|l_arr[0][11]        ; Merged with lulu_smoother:lulu|lower_smoother:l2|l_arr[0][10]   ;
; lulu_smoother:lulu|lower_smoother:l2|l_arr[0][12]        ; Merged with lulu_smoother:lulu|lower_smoother:l2|l_arr[0][10]   ;
; lulu_smoother:lulu|lower_smoother:l2|l_arr[0][13]        ; Merged with lulu_smoother:lulu|lower_smoother:l2|l_arr[0][10]   ;
; lulu_smoother:lulu|lower_smoother:l2|l_arr[0][14]        ; Merged with lulu_smoother:lulu|lower_smoother:l2|l_arr[0][10]   ;
; lulu_smoother:lulu|lower_smoother:l2|l_arr[0][15]        ; Merged with lulu_smoother:lulu|lower_smoother:l2|l_arr[0][10]   ;
; lulu_smoother:lulu|lower_smoother:l2|l_arr[1][11]        ; Merged with lulu_smoother:lulu|lower_smoother:l2|l_arr[1][10]   ;
; lulu_smoother:lulu|lower_smoother:l2|l_arr[1][12]        ; Merged with lulu_smoother:lulu|lower_smoother:l2|l_arr[1][10]   ;
; lulu_smoother:lulu|lower_smoother:l2|l_arr[1][13]        ; Merged with lulu_smoother:lulu|lower_smoother:l2|l_arr[1][10]   ;
; lulu_smoother:lulu|lower_smoother:l2|l_arr[1][14]        ; Merged with lulu_smoother:lulu|lower_smoother:l2|l_arr[1][10]   ;
; lulu_smoother:lulu|lower_smoother:l2|l_arr[1][15]        ; Merged with lulu_smoother:lulu|lower_smoother:l2|l_arr[1][10]   ;
; lulu_smoother:lulu|lower_smoother:l2|l_arr[2][11]        ; Merged with lulu_smoother:lulu|lower_smoother:l2|l_arr[2][10]   ;
; lulu_smoother:lulu|lower_smoother:l2|l_arr[2][12]        ; Merged with lulu_smoother:lulu|lower_smoother:l2|l_arr[2][10]   ;
; lulu_smoother:lulu|lower_smoother:l2|l_arr[2][13]        ; Merged with lulu_smoother:lulu|lower_smoother:l2|l_arr[2][10]   ;
; lulu_smoother:lulu|lower_smoother:l2|l_arr[2][14]        ; Merged with lulu_smoother:lulu|lower_smoother:l2|l_arr[2][10]   ;
; lulu_smoother:lulu|lower_smoother:l2|l_arr[2][15]        ; Merged with lulu_smoother:lulu|lower_smoother:l2|l_arr[2][10]   ;
; lulu_smoother:lulu|lower_smoother:l2|sig_arr[0][11]      ; Merged with lulu_smoother:lulu|lower_smoother:l2|sig_arr[0][10] ;
; lulu_smoother:lulu|lower_smoother:l2|sig_arr[0][12]      ; Merged with lulu_smoother:lulu|lower_smoother:l2|sig_arr[0][10] ;
; lulu_smoother:lulu|lower_smoother:l2|sig_arr[0][13]      ; Merged with lulu_smoother:lulu|lower_smoother:l2|sig_arr[0][10] ;
; lulu_smoother:lulu|lower_smoother:l2|sig_arr[0][14]      ; Merged with lulu_smoother:lulu|lower_smoother:l2|sig_arr[0][10] ;
; lulu_smoother:lulu|lower_smoother:l2|sig_arr[0][15]      ; Merged with lulu_smoother:lulu|lower_smoother:l2|sig_arr[0][10] ;
; lulu_smoother:lulu|lower_smoother:l2|sig_arr[1][11]      ; Merged with lulu_smoother:lulu|lower_smoother:l2|sig_arr[1][10] ;
; lulu_smoother:lulu|lower_smoother:l2|sig_arr[1][12]      ; Merged with lulu_smoother:lulu|lower_smoother:l2|sig_arr[1][10] ;
; lulu_smoother:lulu|lower_smoother:l2|sig_arr[1][13]      ; Merged with lulu_smoother:lulu|lower_smoother:l2|sig_arr[1][10] ;
; lulu_smoother:lulu|lower_smoother:l2|sig_arr[1][14]      ; Merged with lulu_smoother:lulu|lower_smoother:l2|sig_arr[1][10] ;
; lulu_smoother:lulu|lower_smoother:l2|sig_arr[1][15]      ; Merged with lulu_smoother:lulu|lower_smoother:l2|sig_arr[1][10] ;
; lulu_smoother:lulu|lower_smoother:l2|sig_arr[2][11]      ; Merged with lulu_smoother:lulu|lower_smoother:l2|sig_arr[2][10] ;
; lulu_smoother:lulu|lower_smoother:l2|sig_arr[2][12]      ; Merged with lulu_smoother:lulu|lower_smoother:l2|sig_arr[2][10] ;
; lulu_smoother:lulu|lower_smoother:l2|sig_arr[2][13]      ; Merged with lulu_smoother:lulu|lower_smoother:l2|sig_arr[2][10] ;
; lulu_smoother:lulu|lower_smoother:l2|sig_arr[2][14]      ; Merged with lulu_smoother:lulu|lower_smoother:l2|sig_arr[2][10] ;
; lulu_smoother:lulu|lower_smoother:l2|sig_arr[2][15]      ; Merged with lulu_smoother:lulu|lower_smoother:l2|sig_arr[2][10] ;
; lulu_smoother:lulu|upper_smoother:u1|u_out[11..15]       ; Merged with lulu_smoother:lulu|upper_smoother:u1|u_out[10]      ;
; lulu_smoother:lulu|upper_smoother:u1|u_arr[0][11]        ; Merged with lulu_smoother:lulu|upper_smoother:u1|u_arr[0][10]   ;
; lulu_smoother:lulu|upper_smoother:u1|u_arr[0][12]        ; Merged with lulu_smoother:lulu|upper_smoother:u1|u_arr[0][10]   ;
; lulu_smoother:lulu|upper_smoother:u1|u_arr[0][13]        ; Merged with lulu_smoother:lulu|upper_smoother:u1|u_arr[0][10]   ;
; lulu_smoother:lulu|upper_smoother:u1|u_arr[0][14]        ; Merged with lulu_smoother:lulu|upper_smoother:u1|u_arr[0][10]   ;
; lulu_smoother:lulu|upper_smoother:u1|u_arr[0][15]        ; Merged with lulu_smoother:lulu|upper_smoother:u1|u_arr[0][10]   ;
; lulu_smoother:lulu|upper_smoother:u1|u_arr[1][11]        ; Merged with lulu_smoother:lulu|upper_smoother:u1|u_arr[1][10]   ;
; lulu_smoother:lulu|upper_smoother:u1|u_arr[1][12]        ; Merged with lulu_smoother:lulu|upper_smoother:u1|u_arr[1][10]   ;
; lulu_smoother:lulu|upper_smoother:u1|u_arr[1][13]        ; Merged with lulu_smoother:lulu|upper_smoother:u1|u_arr[1][10]   ;
; lulu_smoother:lulu|upper_smoother:u1|u_arr[1][14]        ; Merged with lulu_smoother:lulu|upper_smoother:u1|u_arr[1][10]   ;
; lulu_smoother:lulu|upper_smoother:u1|u_arr[1][15]        ; Merged with lulu_smoother:lulu|upper_smoother:u1|u_arr[1][10]   ;
; lulu_smoother:lulu|upper_smoother:u1|u_arr[2][11]        ; Merged with lulu_smoother:lulu|upper_smoother:u1|u_arr[2][10]   ;
; lulu_smoother:lulu|upper_smoother:u1|u_arr[2][12]        ; Merged with lulu_smoother:lulu|upper_smoother:u1|u_arr[2][10]   ;
; lulu_smoother:lulu|upper_smoother:u1|u_arr[2][13]        ; Merged with lulu_smoother:lulu|upper_smoother:u1|u_arr[2][10]   ;
; lulu_smoother:lulu|upper_smoother:u1|u_arr[2][14]        ; Merged with lulu_smoother:lulu|upper_smoother:u1|u_arr[2][10]   ;
; lulu_smoother:lulu|upper_smoother:u1|u_arr[2][15]        ; Merged with lulu_smoother:lulu|upper_smoother:u1|u_arr[2][10]   ;
; lulu_smoother:lulu|upper_smoother:u1|sig_arr[0][11]      ; Merged with lulu_smoother:lulu|upper_smoother:u1|sig_arr[0][10] ;
; lulu_smoother:lulu|upper_smoother:u1|sig_arr[0][12]      ; Merged with lulu_smoother:lulu|upper_smoother:u1|sig_arr[0][10] ;
; lulu_smoother:lulu|upper_smoother:u1|sig_arr[0][13]      ; Merged with lulu_smoother:lulu|upper_smoother:u1|sig_arr[0][10] ;
; lulu_smoother:lulu|upper_smoother:u1|sig_arr[0][14]      ; Merged with lulu_smoother:lulu|upper_smoother:u1|sig_arr[0][10] ;
; lulu_smoother:lulu|upper_smoother:u1|sig_arr[0][15]      ; Merged with lulu_smoother:lulu|upper_smoother:u1|sig_arr[0][10] ;
; lulu_smoother:lulu|upper_smoother:u1|sig_arr[1][11]      ; Merged with lulu_smoother:lulu|upper_smoother:u1|sig_arr[1][10] ;
; lulu_smoother:lulu|upper_smoother:u1|sig_arr[1][12]      ; Merged with lulu_smoother:lulu|upper_smoother:u1|sig_arr[1][10] ;
; lulu_smoother:lulu|upper_smoother:u1|sig_arr[1][13]      ; Merged with lulu_smoother:lulu|upper_smoother:u1|sig_arr[1][10] ;
; lulu_smoother:lulu|upper_smoother:u1|sig_arr[1][14]      ; Merged with lulu_smoother:lulu|upper_smoother:u1|sig_arr[1][10] ;
; lulu_smoother:lulu|upper_smoother:u1|sig_arr[1][15]      ; Merged with lulu_smoother:lulu|upper_smoother:u1|sig_arr[1][10] ;
; lulu_smoother:lulu|upper_smoother:u1|sig_arr[2][11]      ; Merged with lulu_smoother:lulu|upper_smoother:u1|sig_arr[2][10] ;
; lulu_smoother:lulu|upper_smoother:u1|sig_arr[2][12]      ; Merged with lulu_smoother:lulu|upper_smoother:u1|sig_arr[2][10] ;
; lulu_smoother:lulu|upper_smoother:u1|sig_arr[2][13]      ; Merged with lulu_smoother:lulu|upper_smoother:u1|sig_arr[2][10] ;
; lulu_smoother:lulu|upper_smoother:u1|sig_arr[2][14]      ; Merged with lulu_smoother:lulu|upper_smoother:u1|sig_arr[2][10] ;
; lulu_smoother:lulu|upper_smoother:u1|sig_arr[2][15]      ; Merged with lulu_smoother:lulu|upper_smoother:u1|sig_arr[2][10] ;
; lulu_smoother:lulu|lower_smoother:l1|l_out[11..15]       ; Merged with lulu_smoother:lulu|lower_smoother:l1|l_out[10]      ;
; lulu_smoother:lulu|lower_smoother:l1|l_arr[0][11]        ; Merged with lulu_smoother:lulu|lower_smoother:l1|l_arr[0][10]   ;
; lulu_smoother:lulu|lower_smoother:l1|l_arr[0][12]        ; Merged with lulu_smoother:lulu|lower_smoother:l1|l_arr[0][10]   ;
; lulu_smoother:lulu|lower_smoother:l1|l_arr[0][13]        ; Merged with lulu_smoother:lulu|lower_smoother:l1|l_arr[0][10]   ;
; lulu_smoother:lulu|lower_smoother:l1|l_arr[0][14]        ; Merged with lulu_smoother:lulu|lower_smoother:l1|l_arr[0][10]   ;
; lulu_smoother:lulu|lower_smoother:l1|l_arr[0][15]        ; Merged with lulu_smoother:lulu|lower_smoother:l1|l_arr[0][10]   ;
; lulu_smoother:lulu|lower_smoother:l1|l_arr[1][11]        ; Merged with lulu_smoother:lulu|lower_smoother:l1|l_arr[1][10]   ;
; lulu_smoother:lulu|lower_smoother:l1|l_arr[1][12]        ; Merged with lulu_smoother:lulu|lower_smoother:l1|l_arr[1][10]   ;
; lulu_smoother:lulu|lower_smoother:l1|l_arr[1][13]        ; Merged with lulu_smoother:lulu|lower_smoother:l1|l_arr[1][10]   ;
; lulu_smoother:lulu|lower_smoother:l1|l_arr[1][14]        ; Merged with lulu_smoother:lulu|lower_smoother:l1|l_arr[1][10]   ;
; lulu_smoother:lulu|lower_smoother:l1|l_arr[1][15]        ; Merged with lulu_smoother:lulu|lower_smoother:l1|l_arr[1][10]   ;
; lulu_smoother:lulu|lower_smoother:l1|l_arr[2][11]        ; Merged with lulu_smoother:lulu|lower_smoother:l1|l_arr[2][10]   ;
; lulu_smoother:lulu|lower_smoother:l1|l_arr[2][12]        ; Merged with lulu_smoother:lulu|lower_smoother:l1|l_arr[2][10]   ;
; lulu_smoother:lulu|lower_smoother:l1|l_arr[2][13]        ; Merged with lulu_smoother:lulu|lower_smoother:l1|l_arr[2][10]   ;
; lulu_smoother:lulu|lower_smoother:l1|l_arr[2][14]        ; Merged with lulu_smoother:lulu|lower_smoother:l1|l_arr[2][10]   ;
; lulu_smoother:lulu|lower_smoother:l1|l_arr[2][15]        ; Merged with lulu_smoother:lulu|lower_smoother:l1|l_arr[2][10]   ;
; lulu_smoother:lulu|lower_smoother:l1|l_arr[0][10]        ; Stuck at GND due to stuck port data_in                          ;
; lulu_smoother:lulu|lower_smoother:l1|l_arr[1][10]        ; Stuck at GND due to stuck port data_in                          ;
; lulu_smoother:lulu|lower_smoother:l1|l_arr[2][10]        ; Stuck at GND due to stuck port data_in                          ;
; lulu_smoother:lulu|lower_smoother:l1|l_out[10]           ; Stuck at GND due to stuck port data_in                          ;
; lulu_smoother:lulu|upper_smoother:u1|sig_arr[0][10]      ; Stuck at GND due to stuck port data_in                          ;
; lulu_smoother:lulu|upper_smoother:u1|sig_arr[1][10]      ; Stuck at GND due to stuck port data_in                          ;
; lulu_smoother:lulu|upper_smoother:u1|sig_arr[2][10]      ; Stuck at GND due to stuck port data_in                          ;
; lulu_smoother:lulu|upper_smoother:u1|u_arr[0][10]        ; Stuck at GND due to stuck port data_in                          ;
; lulu_smoother:lulu|upper_smoother:u1|u_arr[1][10]        ; Stuck at GND due to stuck port data_in                          ;
; lulu_smoother:lulu|upper_smoother:u1|u_arr[2][10]        ; Stuck at GND due to stuck port data_in                          ;
; lulu_smoother:lulu|upper_smoother:u1|u_out[10]           ; Stuck at GND due to stuck port data_in                          ;
; lulu_smoother:lulu|lower_smoother:l2|sig_arr[0][10]      ; Stuck at GND due to stuck port data_in                          ;
; lulu_smoother:lulu|lower_smoother:l2|sig_arr[1][10]      ; Stuck at GND due to stuck port data_in                          ;
; lulu_smoother:lulu|lower_smoother:l2|sig_arr[2][10]      ; Stuck at GND due to stuck port data_in                          ;
; lulu_smoother:lulu|lower_smoother:l2|l_arr[0][10]        ; Stuck at GND due to stuck port data_in                          ;
; lulu_smoother:lulu|lower_smoother:l2|l_arr[1][10]        ; Stuck at GND due to stuck port data_in                          ;
; lulu_smoother:lulu|lower_smoother:l2|l_arr[2][10]        ; Stuck at GND due to stuck port data_in                          ;
; lulu_smoother:lulu|lower_smoother:l2|l_out[10]           ; Stuck at GND due to stuck port data_in                          ;
; lulu_smoother:lulu|upper_smoother:u2|sig_arr[0][10]      ; Stuck at GND due to stuck port data_in                          ;
; lulu_smoother:lulu|upper_smoother:u2|sig_arr[1][10]      ; Stuck at GND due to stuck port data_in                          ;
; lulu_smoother:lulu|upper_smoother:u2|sig_arr[2][10]      ; Stuck at GND due to stuck port data_in                          ;
; lulu_smoother:lulu|upper_smoother:u2|u_arr[0][10]        ; Stuck at GND due to stuck port data_in                          ;
; lulu_smoother:lulu|upper_smoother:u2|u_arr[1][10]        ; Stuck at GND due to stuck port data_in                          ;
; lulu_smoother:lulu|upper_smoother:u2|u_arr[2][10]        ; Stuck at GND due to stuck port data_in                          ;
; lulu_smoother:lulu|upper_smoother:u2|u_out[10..15]       ; Stuck at GND due to stuck port data_in                          ;
; averaging_filter:avg_fil|count[5]                        ; Stuck at GND due to stuck port data_in                          ;
; averaging_filter:avg_fil|backlog_rtl_0_bypass[12]        ; Stuck at GND due to stuck port data_in                          ;
; averaging_filter:avg_fil|point[5]                        ; Stuck at GND due to stuck port data_in                          ;
; averaging_filter:avg_fil|backlog_rtl_0_bypass[6,8,10,11] ; Stuck at GND due to stuck port data_in                          ;
; averaging_filter:avg_fil|point[2..4]                     ; Stuck at GND due to stuck port data_in                          ;
; averaging_filter:avg_fil|backlog_rtl_0_bypass[5,7,9]     ; Stuck at GND due to stuck port data_in                          ;
; averaging_filter:avg_fil|count[2..4]                     ; Stuck at GND due to stuck port data_in                          ;
; Total Number of Removed Registers = 326                  ;                                                                 ;
+----------------------------------------------------------+-----------------------------------------------------------------+


+---------------------------------------------------------------------------------------------------------------------------------------------------------+
; Removed Registers Triggering Further Register Optimizations                                                                                             ;
+-----------------------------------------------------+---------------------------+-----------------------------------------------------------------------+
; Register name                                       ; Reason for Removal        ; Registers Removed due to This Register                                ;
+-----------------------------------------------------+---------------------------+-----------------------------------------------------------------------+
; averaging_filter:avg_fil|count[5]                   ; Stuck at GND              ; averaging_filter:avg_fil|backlog_rtl_0_bypass[12],                    ;
;                                                     ; due to stuck port data_in ; averaging_filter:avg_fil|point[5],                                    ;
;                                                     ;                           ; averaging_filter:avg_fil|backlog_rtl_0_bypass[11],                    ;
;                                                     ;                           ; averaging_filter:avg_fil|backlog_rtl_0_bypass[6],                     ;
;                                                     ;                           ; averaging_filter:avg_fil|backlog_rtl_0_bypass[8],                     ;
;                                                     ;                           ; averaging_filter:avg_fil|backlog_rtl_0_bypass[10],                    ;
;                                                     ;                           ; averaging_filter:avg_fil|point[4], averaging_filter:avg_fil|point[3], ;
;                                                     ;                           ; averaging_filter:avg_fil|point[2],                                    ;
;                                                     ;                           ; averaging_filter:avg_fil|backlog_rtl_0_bypass[5],                     ;
;                                                     ;                           ; averaging_filter:avg_fil|backlog_rtl_0_bypass[7],                     ;
;                                                     ;                           ; averaging_filter:avg_fil|backlog_rtl_0_bypass[9],                     ;
;                                                     ;                           ; averaging_filter:avg_fil|count[3], averaging_filter:avg_fil|count[4]  ;
; lulu_smoother:lulu|upper_smoother:u2|temp_min[0]    ; Stuck at VCC              ; lulu_smoother:lulu|upper_smoother:u2|u_out[10],                       ;
;                                                     ; due to stuck port data_in ; lulu_smoother:lulu|upper_smoother:u2|u_out[11],                       ;
;                                                     ;                           ; lulu_smoother:lulu|upper_smoother:u2|u_out[12],                       ;
;                                                     ;                           ; lulu_smoother:lulu|upper_smoother:u2|u_out[13],                       ;
;                                                     ;                           ; lulu_smoother:lulu|upper_smoother:u2|u_out[14],                       ;
;                                                     ;                           ; lulu_smoother:lulu|upper_smoother:u2|u_out[15]                        ;
; lulu_smoother:lulu|lower_smoother:l2|temp_max[0]    ; Stuck at GND              ; lulu_smoother:lulu|lower_smoother:l2|l_out[10],                       ;
;                                                     ; due to stuck port data_in ; lulu_smoother:lulu|upper_smoother:u2|sig_arr[0][10],                  ;
;                                                     ;                           ; lulu_smoother:lulu|upper_smoother:u2|sig_arr[1][10],                  ;
;                                                     ;                           ; lulu_smoother:lulu|upper_smoother:u2|sig_arr[2][10]                   ;
; lulu_smoother:lulu|upper_smoother:u1|temp_min[0]    ; Stuck at VCC              ; lulu_smoother:lulu|upper_smoother:u1|u_out[10],                       ;
;                                                     ; due to stuck port data_in ; lulu_smoother:lulu|lower_smoother:l2|sig_arr[0][10],                  ;
;                                                     ;                           ; lulu_smoother:lulu|lower_smoother:l2|sig_arr[1][10],                  ;
;                                                     ;                           ; lulu_smoother:lulu|lower_smoother:l2|sig_arr[2][10]                   ;
; lulu_smoother:lulu|lower_smoother:l1|temp_max[0]    ; Stuck at GND              ; lulu_smoother:lulu|lower_smoother:l1|l_out[10],                       ;
;                                                     ; due to stuck port data_in ; lulu_smoother:lulu|upper_smoother:u1|sig_arr[0][10],                  ;
;                                                     ;                           ; lulu_smoother:lulu|upper_smoother:u1|sig_arr[1][10],                  ;
;                                                     ;                           ; lulu_smoother:lulu|upper_smoother:u1|sig_arr[2][10]                   ;
; lulu_smoother:lulu|upper_smoother:u2|temp_max[0]    ; Stuck at GND              ; lulu_smoother:lulu|upper_smoother:u2|u_arr[0][10],                    ;
;                                                     ; due to stuck port data_in ; lulu_smoother:lulu|upper_smoother:u2|u_arr[1][10],                    ;
;                                                     ;                           ; lulu_smoother:lulu|upper_smoother:u2|u_arr[2][10]                     ;
; lulu_smoother:lulu|lower_smoother:l2|temp_min[0]    ; Stuck at VCC              ; lulu_smoother:lulu|lower_smoother:l2|l_arr[0][10],                    ;
;                                                     ; due to stuck port data_in ; lulu_smoother:lulu|lower_smoother:l2|l_arr[1][10],                    ;
;                                                     ;                           ; lulu_smoother:lulu|lower_smoother:l2|l_arr[2][10]                     ;
; lulu_smoother:lulu|upper_smoother:u1|temp_max[0]    ; Stuck at GND              ; lulu_smoother:lulu|upper_smoother:u1|u_arr[0][10],                    ;
;                                                     ; due to stuck port data_in ; lulu_smoother:lulu|upper_smoother:u1|u_arr[1][10],                    ;
;                                                     ;                           ; lulu_smoother:lulu|upper_smoother:u1|u_arr[2][10]                     ;
; lulu_smoother:lulu|lower_smoother:l1|sig_arr[0][10] ; Stuck at GND              ; lulu_smoother:lulu|lower_smoother:l1|l_arr[0][10],                    ;
;                                                     ; due to stuck port data_in ; lulu_smoother:lulu|lower_smoother:l1|l_arr[1][10],                    ;
;                                                     ;                           ; lulu_smoother:lulu|lower_smoother:l1|l_arr[2][10]                     ;
+-----------------------------------------------------+---------------------------+-----------------------------------------------------------------------+


+------------------------------------------------------+
; General Register Statistics                          ;
+----------------------------------------------+-------+
; Statistic                                    ; Value ;
+----------------------------------------------+-------+
; Total registers                              ; 339   ;
; Number of registers using Synchronous Clear  ; 0     ;
; Number of registers using Synchronous Load   ; 0     ;
; Number of registers using Asynchronous Clear ; 0     ;
; Number of registers using Asynchronous Load  ; 0     ;
; Number of registers using Clock Enable       ; 244   ;
; Number of registers using Preset             ; 0     ;
+----------------------------------------------+-------+


+-------------------------------------------------------------+
; Inverted Register Statistics                                ;
+---------------------------------------------------+---------+
; Inverted Register                                 ; Fan out ;
+---------------------------------------------------+---------+
; averaging_filter:avg_fil|backlog_rtl_0_bypass[26] ; 1       ;
; averaging_filter:avg_fil|backlog_rtl_0_bypass[44] ; 1       ;
; averaging_filter:avg_fil|backlog_rtl_0_bypass[42] ; 1       ;
; averaging_filter:avg_fil|backlog_rtl_0_bypass[34] ; 1       ;
; averaging_filter:avg_fil|backlog_rtl_0_bypass[40] ; 1       ;
; averaging_filter:avg_fil|backlog_rtl_0_bypass[38] ; 1       ;
; averaging_filter:avg_fil|backlog_rtl_0_bypass[36] ; 1       ;
; averaging_filter:avg_fil|backlog_rtl_0_bypass[32] ; 1       ;
; averaging_filter:avg_fil|backlog_rtl_0_bypass[30] ; 1       ;
; averaging_filter:avg_fil|backlog_rtl_0_bypass[28] ; 1       ;
; averaging_filter:avg_fil|backlog_rtl_0_bypass[24] ; 1       ;
; averaging_filter:avg_fil|backlog_rtl_0_bypass[22] ; 1       ;
; averaging_filter:avg_fil|backlog_rtl_0_bypass[20] ; 1       ;
; averaging_filter:avg_fil|backlog_rtl_0_bypass[18] ; 1       ;
; averaging_filter:avg_fil|backlog_rtl_0_bypass[16] ; 1       ;
; averaging_filter:avg_fil|backlog_rtl_0_bypass[14] ; 1       ;
; Total number of inverted registers = 16           ;         ;
+---------------------------------------------------+---------+


+--------------------------------------------------------------------------------------------+
; Registers Added for RAM Pass-Through Logic                                                 ;
+---------------------------------------------------+----------------------------------------+
; Register Name                                     ; RAM Name                               ;
+---------------------------------------------------+----------------------------------------+
; averaging_filter:avg_fil|backlog_rtl_0_bypass[0]  ; averaging_filter:avg_fil|backlog_rtl_0 ;
; averaging_filter:avg_fil|backlog_rtl_0_bypass[1]  ; averaging_filter:avg_fil|backlog_rtl_0 ;
; averaging_filter:avg_fil|backlog_rtl_0_bypass[2]  ; averaging_filter:avg_fil|backlog_rtl_0 ;
; averaging_filter:avg_fil|backlog_rtl_0_bypass[3]  ; averaging_filter:avg_fil|backlog_rtl_0 ;
; averaging_filter:avg_fil|backlog_rtl_0_bypass[4]  ; averaging_filter:avg_fil|backlog_rtl_0 ;
; averaging_filter:avg_fil|backlog_rtl_0_bypass[5]  ; averaging_filter:avg_fil|backlog_rtl_0 ;
; averaging_filter:avg_fil|backlog_rtl_0_bypass[6]  ; averaging_filter:avg_fil|backlog_rtl_0 ;
; averaging_filter:avg_fil|backlog_rtl_0_bypass[7]  ; averaging_filter:avg_fil|backlog_rtl_0 ;
; averaging_filter:avg_fil|backlog_rtl_0_bypass[8]  ; averaging_filter:avg_fil|backlog_rtl_0 ;
; averaging_filter:avg_fil|backlog_rtl_0_bypass[9]  ; averaging_filter:avg_fil|backlog_rtl_0 ;
; averaging_filter:avg_fil|backlog_rtl_0_bypass[10] ; averaging_filter:avg_fil|backlog_rtl_0 ;
; averaging_filter:avg_fil|backlog_rtl_0_bypass[11] ; averaging_filter:avg_fil|backlog_rtl_0 ;
; averaging_filter:avg_fil|backlog_rtl_0_bypass[12] ; averaging_filter:avg_fil|backlog_rtl_0 ;
; averaging_filter:avg_fil|backlog_rtl_0_bypass[13] ; averaging_filter:avg_fil|backlog_rtl_0 ;
; averaging_filter:avg_fil|backlog_rtl_0_bypass[14] ; averaging_filter:avg_fil|backlog_rtl_0 ;
; averaging_filter:avg_fil|backlog_rtl_0_bypass[15] ; averaging_filter:avg_fil|backlog_rtl_0 ;
; averaging_filter:avg_fil|backlog_rtl_0_bypass[16] ; averaging_filter:avg_fil|backlog_rtl_0 ;
; averaging_filter:avg_fil|backlog_rtl_0_bypass[17] ; averaging_filter:avg_fil|backlog_rtl_0 ;
; averaging_filter:avg_fil|backlog_rtl_0_bypass[18] ; averaging_filter:avg_fil|backlog_rtl_0 ;
; averaging_filter:avg_fil|backlog_rtl_0_bypass[19] ; averaging_filter:avg_fil|backlog_rtl_0 ;
; averaging_filter:avg_fil|backlog_rtl_0_bypass[20] ; averaging_filter:avg_fil|backlog_rtl_0 ;
; averaging_filter:avg_fil|backlog_rtl_0_bypass[21] ; averaging_filter:avg_fil|backlog_rtl_0 ;
; averaging_filter:avg_fil|backlog_rtl_0_bypass[22] ; averaging_filter:avg_fil|backlog_rtl_0 ;
; averaging_filter:avg_fil|backlog_rtl_0_bypass[23] ; averaging_filter:avg_fil|backlog_rtl_0 ;
; averaging_filter:avg_fil|backlog_rtl_0_bypass[24] ; averaging_filter:avg_fil|backlog_rtl_0 ;
; averaging_filter:avg_fil|backlog_rtl_0_bypass[25] ; averaging_filter:avg_fil|backlog_rtl_0 ;
; averaging_filter:avg_fil|backlog_rtl_0_bypass[26] ; averaging_filter:avg_fil|backlog_rtl_0 ;
; averaging_filter:avg_fil|backlog_rtl_0_bypass[27] ; averaging_filter:avg_fil|backlog_rtl_0 ;
; averaging_filter:avg_fil|backlog_rtl_0_bypass[28] ; averaging_filter:avg_fil|backlog_rtl_0 ;
; averaging_filter:avg_fil|backlog_rtl_0_bypass[29] ; averaging_filter:avg_fil|backlog_rtl_0 ;
; averaging_filter:avg_fil|backlog_rtl_0_bypass[30] ; averaging_filter:avg_fil|backlog_rtl_0 ;
; averaging_filter:avg_fil|backlog_rtl_0_bypass[31] ; averaging_filter:avg_fil|backlog_rtl_0 ;
; averaging_filter:avg_fil|backlog_rtl_0_bypass[32] ; averaging_filter:avg_fil|backlog_rtl_0 ;
; averaging_filter:avg_fil|backlog_rtl_0_bypass[33] ; averaging_filter:avg_fil|backlog_rtl_0 ;
; averaging_filter:avg_fil|backlog_rtl_0_bypass[34] ; averaging_filter:avg_fil|backlog_rtl_0 ;
; averaging_filter:avg_fil|backlog_rtl_0_bypass[35] ; averaging_filter:avg_fil|backlog_rtl_0 ;
; averaging_filter:avg_fil|backlog_rtl_0_bypass[36] ; averaging_filter:avg_fil|backlog_rtl_0 ;
; averaging_filter:avg_fil|backlog_rtl_0_bypass[37] ; averaging_filter:avg_fil|backlog_rtl_0 ;
; averaging_filter:avg_fil|backlog_rtl_0_bypass[38] ; averaging_filter:avg_fil|backlog_rtl_0 ;
; averaging_filter:avg_fil|backlog_rtl_0_bypass[39] ; averaging_filter:avg_fil|backlog_rtl_0 ;
; averaging_filter:avg_fil|backlog_rtl_0_bypass[40] ; averaging_filter:avg_fil|backlog_rtl_0 ;
; averaging_filter:avg_fil|backlog_rtl_0_bypass[41] ; averaging_filter:avg_fil|backlog_rtl_0 ;
; averaging_filter:avg_fil|backlog_rtl_0_bypass[42] ; averaging_filter:avg_fil|backlog_rtl_0 ;
; averaging_filter:avg_fil|backlog_rtl_0_bypass[43] ; averaging_filter:avg_fil|backlog_rtl_0 ;
; averaging_filter:avg_fil|backlog_rtl_0_bypass[44] ; averaging_filter:avg_fil|backlog_rtl_0 ;
+---------------------------------------------------+----------------------------------------+


+---------------------------------------------------------------------------------------------------------+
; Source assignments for averaging_filter:avg_fil|altsyncram:backlog_rtl_0|altsyncram_3iq1:auto_generated ;
+---------------------------------+--------------------+------+-------------------------------------------+
; Assignment                      ; Value              ; From ; To                                        ;
+---------------------------------+--------------------+------+-------------------------------------------+
; OPTIMIZE_POWER_DURING_SYNTHESIS ; NORMAL_COMPILATION ; -    ; -                                         ;
+---------------------------------+--------------------+------+-------------------------------------------+


+----------------------------------------------------------------------------------------------------------------+
; Parameter Settings for Inferred Entity Instance: averaging_filter:avg_fil|altsyncram:backlog_rtl_0             ;
+------------------------------------+----------------------------------------------------------+----------------+
; Parameter Name                     ; Value                                                    ; Type           ;
+------------------------------------+----------------------------------------------------------+----------------+
; BYTE_SIZE_BLOCK                    ; 8                                                        ; Untyped        ;
; AUTO_CARRY_CHAINS                  ; ON                                                       ; AUTO_CARRY     ;
; IGNORE_CARRY_BUFFERS               ; OFF                                                      ; IGNORE_CARRY   ;
; AUTO_CASCADE_CHAINS                ; ON                                                       ; AUTO_CASCADE   ;
; IGNORE_CASCADE_BUFFERS             ; OFF                                                      ; IGNORE_CASCADE ;
; WIDTH_BYTEENA                      ; 1                                                        ; Untyped        ;
; OPERATION_MODE                     ; DUAL_PORT                                                ; Untyped        ;
; WIDTH_A                            ; 16                                                       ; Untyped        ;
; WIDTHAD_A                          ; 6                                                        ; Untyped        ;
; NUMWORDS_A                         ; 64                                                       ; Untyped        ;
; OUTDATA_REG_A                      ; UNREGISTERED                                             ; Untyped        ;
; ADDRESS_ACLR_A                     ; NONE                                                     ; Untyped        ;
; OUTDATA_ACLR_A                     ; NONE                                                     ; Untyped        ;
; WRCONTROL_ACLR_A                   ; NONE                                                     ; Untyped        ;
; INDATA_ACLR_A                      ; NONE                                                     ; Untyped        ;
; BYTEENA_ACLR_A                     ; NONE                                                     ; Untyped        ;
; WIDTH_B                            ; 16                                                       ; Untyped        ;
; WIDTHAD_B                          ; 6                                                        ; Untyped        ;
; NUMWORDS_B                         ; 64                                                       ; Untyped        ;
; INDATA_REG_B                       ; CLOCK1                                                   ; Untyped        ;
; WRCONTROL_WRADDRESS_REG_B          ; CLOCK1                                                   ; Untyped        ;
; RDCONTROL_REG_B                    ; CLOCK1                                                   ; Untyped        ;
; ADDRESS_REG_B                      ; CLOCK0                                                   ; Untyped        ;
; OUTDATA_REG_B                      ; UNREGISTERED                                             ; Untyped        ;
; BYTEENA_REG_B                      ; CLOCK1                                                   ; Untyped        ;
; INDATA_ACLR_B                      ; NONE                                                     ; Untyped        ;
; WRCONTROL_ACLR_B                   ; NONE                                                     ; Untyped        ;
; ADDRESS_ACLR_B                     ; NONE                                                     ; Untyped        ;
; OUTDATA_ACLR_B                     ; NONE                                                     ; Untyped        ;
; RDCONTROL_ACLR_B                   ; NONE                                                     ; Untyped        ;
; BYTEENA_ACLR_B                     ; NONE                                                     ; Untyped        ;
; WIDTH_BYTEENA_A                    ; 1                                                        ; Untyped        ;
; WIDTH_BYTEENA_B                    ; 1                                                        ; Untyped        ;
; RAM_BLOCK_TYPE                     ; AUTO                                                     ; Untyped        ;
; BYTE_SIZE                          ; 8                                                        ; Untyped        ;
; READ_DURING_WRITE_MODE_MIXED_PORTS ; DONT_CARE                                                ; Untyped        ;
; READ_DURING_WRITE_MODE_PORT_A      ; NEW_DATA_NO_NBE_READ                                     ; Untyped        ;
; READ_DURING_WRITE_MODE_PORT_B      ; NEW_DATA_NO_NBE_READ                                     ; Untyped        ;
; INIT_FILE                          ; db/noise_reduction.ram0_averaging_filter_bec5dfe.hdl.mif ; Untyped        ;
; INIT_FILE_LAYOUT                   ; PORT_A                                                   ; Untyped        ;
; MAXIMUM_DEPTH                      ; 0                                                        ; Untyped        ;
; CLOCK_ENABLE_INPUT_A               ; NORMAL                                                   ; Untyped        ;
; CLOCK_ENABLE_INPUT_B               ; NORMAL                                                   ; Untyped        ;
; CLOCK_ENABLE_OUTPUT_A              ; NORMAL                                                   ; Untyped        ;
; CLOCK_ENABLE_OUTPUT_B              ; NORMAL                                                   ; Untyped        ;
; CLOCK_ENABLE_CORE_A                ; USE_INPUT_CLKEN                                          ; Untyped        ;
; CLOCK_ENABLE_CORE_B                ; USE_INPUT_CLKEN                                          ; Untyped        ;
; ENABLE_ECC                         ; FALSE                                                    ; Untyped        ;
; ECC_PIPELINE_STAGE_ENABLED         ; FALSE                                                    ; Untyped        ;
; WIDTH_ECCSTATUS                    ; 3                                                        ; Untyped        ;
; DEVICE_FAMILY                      ; Cyclone V                                                ; Untyped        ;
; CBXI_PARAMETER                     ; altsyncram_3iq1                                          ; Untyped        ;
+------------------------------------+----------------------------------------------------------+----------------+
Note: In order to hide this table in the UI and the text report file, please set the "Show Parameter Settings in Synthesis Report" option in "Analysis and Synthesis Settings -> More Settings" to "Off".


+-----------------------------------------------------------------------------------------------+
; altsyncram Parameter Settings by Entity Instance                                              ;
+-------------------------------------------+---------------------------------------------------+
; Name                                      ; Value                                             ;
+-------------------------------------------+---------------------------------------------------+
; Number of entity instances                ; 1                                                 ;
; Entity Instance                           ; averaging_filter:avg_fil|altsyncram:backlog_rtl_0 ;
;     -- OPERATION_MODE                     ; DUAL_PORT                                         ;
;     -- WIDTH_A                            ; 16                                                ;
;     -- NUMWORDS_A                         ; 64                                                ;
;     -- OUTDATA_REG_A                      ; UNREGISTERED                                      ;
;     -- WIDTH_B                            ; 16                                                ;
;     -- NUMWORDS_B                         ; 64                                                ;
;     -- ADDRESS_REG_B                      ; CLOCK0                                            ;
;     -- OUTDATA_REG_B                      ; UNREGISTERED                                      ;
;     -- RAM_BLOCK_TYPE                     ; AUTO                                              ;
;     -- READ_DURING_WRITE_MODE_MIXED_PORTS ; DONT_CARE                                         ;
+-------------------------------------------+---------------------------------------------------+


+------------------------------------------------------+
; Port Connectivity Checks: "averaging_filter:avg_fil" ;
+------------+-------+----------+----------------------+
; Port       ; Type  ; Severity ; Details              ;
+------------+-------+----------+----------------------+
; div_sel[1] ; Input ; Info     ; Stuck at GND         ;
; div_sel[0] ; Input ; Info     ; Stuck at VCC         ;
+------------+-------+----------+----------------------+


+-----------------------------------------------------+
; Post-Synthesis Netlist Statistics for Top Partition ;
+-----------------------+-----------------------------+
; Type                  ; Count                       ;
+-----------------------+-----------------------------+
; arriav_ff             ; 339                         ;
;     ENA               ; 244                         ;
;     plain             ; 95                          ;
; arriav_lcell_comb     ; 327                         ;
;     arith             ; 77                          ;
;         0 data inputs ; 5                           ;
;         2 data inputs ; 11                          ;
;         3 data inputs ; 4                           ;
;         4 data inputs ; 16                          ;
;         5 data inputs ; 41                          ;
;     normal            ; 250                         ;
;         0 data inputs ; 1                           ;
;         1 data inputs ; 4                           ;
;         2 data inputs ; 25                          ;
;         3 data inputs ; 48                          ;
;         4 data inputs ; 59                          ;
;         5 data inputs ; 41                          ;
;         6 data inputs ; 72                          ;
; boundary_port         ; 33                          ;
; stratixv_ram_block    ; 16                          ;
;                       ;                             ;
; Max LUT depth         ; 8.20                        ;
; Average LUT depth     ; 5.43                        ;
+-----------------------+-----------------------------+


+-------------------------------+
; Elapsed Time Per Partition    ;
+----------------+--------------+
; Partition Name ; Elapsed Time ;
+----------------+--------------+
; Top            ; 00:00:03     ;
+----------------+--------------+


+-------------------------------+
; Analysis & Synthesis Messages ;
+-------------------------------+
Info: *******************************************************************
Info: Running Quartus Prime Analysis & Synthesis
    Info: Version 18.1.0 Build 625 09/12/2018 SJ Standard Edition
    Info: Processing started: Wed May 19 22:01:45 2021
Info: Command: quartus_map --read_settings_files=on --write_settings_files=off noise_reduction -c noise_reduction
Warning (18236): Number of processors has not been specified which may cause overloading on shared machines.  Set the global assignment NUM_PARALLEL_PROCESSORS in your QSF to an appropriate value for best performance.
Info (20030): Parallel compilation is enabled and will use 8 of the 8 processors detected
Info (12021): Found 2 design units, including 1 entities, in source file averaging_filter.vhd
    Info (12022): Found design unit 1: averaging_filter-behaviour File: //files.auckland.ac.nz/myhome/Desktop/hsin849/digital_system_design_vhdl/noise_reduction/averaging_filter.vhd Line: 19
    Info (12023): Found entity 1: averaging_filter File: //files.auckland.ac.nz/myhome/Desktop/hsin849/digital_system_design_vhdl/noise_reduction/averaging_filter.vhd Line: 8
Info (12021): Found 1 design units, including 0 entities, in source file asp_types.vhd
    Info (12022): Found design unit 1: asp_types File: //files.auckland.ac.nz/myhome/Desktop/hsin849/digital_system_design_vhdl/noise_reduction/asp_types.vhd Line: 3
Info (12021): Found 2 design units, including 1 entities, in source file lower_smoother.vhd
    Info (12022): Found design unit 1: lower_smoother-behaviour File: //files.auckland.ac.nz/myhome/Desktop/hsin849/digital_system_design_vhdl/noise_reduction/lower_smoother.vhd Line: 15
    Info (12023): Found entity 1: lower_smoother File: //files.auckland.ac.nz/myhome/Desktop/hsin849/digital_system_design_vhdl/noise_reduction/lower_smoother.vhd Line: 7
Info (12021): Found 2 design units, including 1 entities, in source file lulu_smoother.vhd
    Info (12022): Found design unit 1: lulu_smoother-behaviour File: //files.auckland.ac.nz/myhome/Desktop/hsin849/digital_system_design_vhdl/noise_reduction/lulu_smoother.vhd Line: 15
    Info (12023): Found entity 1: lulu_smoother File: //files.auckland.ac.nz/myhome/Desktop/hsin849/digital_system_design_vhdl/noise_reduction/lulu_smoother.vhd Line: 7
Info (12021): Found 2 design units, including 1 entities, in source file upper_smoother.vhd
    Info (12022): Found design unit 1: upper_smoother-behaviour File: //files.auckland.ac.nz/myhome/Desktop/hsin849/digital_system_design_vhdl/noise_reduction/upper_smoother.vhd Line: 15
    Info (12023): Found entity 1: upper_smoother File: //files.auckland.ac.nz/myhome/Desktop/hsin849/digital_system_design_vhdl/noise_reduction/upper_smoother.vhd Line: 7
Info (12021): Found 2 design units, including 1 entities, in source file noise_reduction_filter.vhd
    Info (12022): Found design unit 1: noise_reduction_filter-behaviour File: //files.auckland.ac.nz/myhome/Desktop/hsin849/digital_system_design_vhdl/noise_reduction/noise_reduction_filter.vhd Line: 15
    Info (12023): Found entity 1: noise_reduction_filter File: //files.auckland.ac.nz/myhome/Desktop/hsin849/digital_system_design_vhdl/noise_reduction/noise_reduction_filter.vhd Line: 7
Info (12127): Elaborating entity "noise_reduction_filter" for the top level hierarchy
Info (12128): Elaborating entity "averaging_filter" for hierarchy "averaging_filter:avg_fil" File: //files.auckland.ac.nz/myhome/Desktop/hsin849/digital_system_design_vhdl/noise_reduction/noise_reduction_filter.vhd Line: 39
Warning (10492): VHDL Process Statement warning at averaging_filter.vhd(35): signal "div_sel" is read inside the Process Statement but isn't in the Process Statement's sensitivity list File: //files.auckland.ac.nz/myhome/Desktop/hsin849/digital_system_design_vhdl/noise_reduction/averaging_filter.vhd Line: 35
Warning (10492): VHDL Process Statement warning at averaging_filter.vhd(42): signal "backlog" is read inside the Process Statement but isn't in the Process Statement's sensitivity list File: //files.auckland.ac.nz/myhome/Desktop/hsin849/digital_system_design_vhdl/noise_reduction/averaging_filter.vhd Line: 42
Warning (10492): VHDL Process Statement warning at averaging_filter.vhd(42): signal "point" is read inside the Process Statement but isn't in the Process Statement's sensitivity list File: //files.auckland.ac.nz/myhome/Desktop/hsin849/digital_system_design_vhdl/noise_reduction/averaging_filter.vhd Line: 42
Warning (10492): VHDL Process Statement warning at averaging_filter.vhd(60): signal "div_sel" is read inside the Process Statement but isn't in the Process Statement's sensitivity list File: //files.auckland.ac.nz/myhome/Desktop/hsin849/digital_system_design_vhdl/noise_reduction/averaging_filter.vhd Line: 60
Warning (10492): VHDL Process Statement warning at averaging_filter.vhd(61): signal "data_sum" is read inside the Process Statement but isn't in the Process Statement's sensitivity list File: //files.auckland.ac.nz/myhome/Desktop/hsin849/digital_system_design_vhdl/noise_reduction/averaging_filter.vhd Line: 61
Warning (10492): VHDL Process Statement warning at averaging_filter.vhd(62): signal "data_sum" is read inside the Process Statement but isn't in the Process Statement's sensitivity list File: //files.auckland.ac.nz/myhome/Desktop/hsin849/digital_system_design_vhdl/noise_reduction/averaging_filter.vhd Line: 62
Warning (10492): VHDL Process Statement warning at averaging_filter.vhd(63): signal "data_sum" is read inside the Process Statement but isn't in the Process Statement's sensitivity list File: //files.auckland.ac.nz/myhome/Desktop/hsin849/digital_system_design_vhdl/noise_reduction/averaging_filter.vhd Line: 63
Warning (10492): VHDL Process Statement warning at averaging_filter.vhd(64): signal "data_sum" is read inside the Process Statement but isn't in the Process Statement's sensitivity list File: //files.auckland.ac.nz/myhome/Desktop/hsin849/digital_system_design_vhdl/noise_reduction/averaging_filter.vhd Line: 64
Warning (10492): VHDL Process Statement warning at averaging_filter.vhd(67): signal "data_sum" is read inside the Process Statement but isn't in the Process Statement's sensitivity list File: //files.auckland.ac.nz/myhome/Desktop/hsin849/digital_system_design_vhdl/noise_reduction/averaging_filter.vhd Line: 67
Info (12128): Elaborating entity "lulu_smoother" for hierarchy "lulu_smoother:lulu" File: //files.auckland.ac.nz/myhome/Desktop/hsin849/digital_system_design_vhdl/noise_reduction/noise_reduction_filter.vhd Line: 42
Info (12128): Elaborating entity "lower_smoother" for hierarchy "lulu_smoother:lulu|lower_smoother:l1" File: //files.auckland.ac.nz/myhome/Desktop/hsin849/digital_system_design_vhdl/noise_reduction/lulu_smoother.vhd Line: 40
Info (12128): Elaborating entity "upper_smoother" for hierarchy "lulu_smoother:lulu|upper_smoother:u1" File: //files.auckland.ac.nz/myhome/Desktop/hsin849/digital_system_design_vhdl/noise_reduction/lulu_smoother.vhd Line: 43
Warning (276020): Inferred RAM node "averaging_filter:avg_fil|backlog_rtl_0" from synchronous design logic.  Pass-through logic has been added to match the read-during-write behavior of the original design.
Info (19000): Inferred 1 megafunctions from design logic
    Info (276029): Inferred altsyncram megafunction from the following design logic: "averaging_filter:avg_fil|backlog_rtl_0" 
        Info (286033): Parameter OPERATION_MODE set to DUAL_PORT
        Info (286033): Parameter WIDTH_A set to 16
        Info (286033): Parameter WIDTHAD_A set to 6
        Info (286033): Parameter NUMWORDS_A set to 64
        Info (286033): Parameter WIDTH_B set to 16
        Info (286033): Parameter WIDTHAD_B set to 6
        Info (286033): Parameter NUMWORDS_B set to 64
        Info (286033): Parameter ADDRESS_ACLR_A set to NONE
        Info (286033): Parameter OUTDATA_REG_B set to UNREGISTERED
        Info (286033): Parameter ADDRESS_ACLR_B set to NONE
        Info (286033): Parameter OUTDATA_ACLR_B set to NONE
        Info (286033): Parameter ADDRESS_REG_B set to CLOCK0
        Info (286033): Parameter INDATA_ACLR_A set to NONE
        Info (286033): Parameter WRCONTROL_ACLR_A set to NONE
        Info (286033): Parameter INIT_FILE set to db/noise_reduction.ram0_averaging_filter_bec5dfe.hdl.mif
Info (12130): Elaborated megafunction instantiation "averaging_filter:avg_fil|altsyncram:backlog_rtl_0"
Info (12133): Instantiated megafunction "averaging_filter:avg_fil|altsyncram:backlog_rtl_0" with the following parameter:
    Info (12134): Parameter "OPERATION_MODE" = "DUAL_PORT"
    Info (12134): Parameter "WIDTH_A" = "16"
    Info (12134): Parameter "WIDTHAD_A" = "6"
    Info (12134): Parameter "NUMWORDS_A" = "64"
    Info (12134): Parameter "WIDTH_B" = "16"
    Info (12134): Parameter "WIDTHAD_B" = "6"
    Info (12134): Parameter "NUMWORDS_B" = "64"
    Info (12134): Parameter "ADDRESS_ACLR_A" = "NONE"
    Info (12134): Parameter "OUTDATA_REG_B" = "UNREGISTERED"
    Info (12134): Parameter "ADDRESS_ACLR_B" = "NONE"
    Info (12134): Parameter "OUTDATA_ACLR_B" = "NONE"
    Info (12134): Parameter "ADDRESS_REG_B" = "CLOCK0"
    Info (12134): Parameter "INDATA_ACLR_A" = "NONE"
    Info (12134): Parameter "WRCONTROL_ACLR_A" = "NONE"
    Info (12134): Parameter "INIT_FILE" = "db/noise_reduction.ram0_averaging_filter_bec5dfe.hdl.mif"
Info (12021): Found 1 design units, including 1 entities, in source file db/altsyncram_3iq1.tdf
    Info (12023): Found entity 1: altsyncram_3iq1 File: //files.auckland.ac.nz/myhome/Desktop/hsin849/digital_system_design_vhdl/noise_reduction/db/altsyncram_3iq1.tdf Line: 27
Warning (13024): Output pins are stuck at VCC or GND
    Warning (13410): Pin "data_out[10]" is stuck at GND File: //files.auckland.ac.nz/myhome/Desktop/hsin849/digital_system_design_vhdl/noise_reduction/noise_reduction_filter.vhd Line: 11
    Warning (13410): Pin "data_out[11]" is stuck at GND File: //files.auckland.ac.nz/myhome/Desktop/hsin849/digital_system_design_vhdl/noise_reduction/noise_reduction_filter.vhd Line: 11
    Warning (13410): Pin "data_out[12]" is stuck at GND File: //files.auckland.ac.nz/myhome/Desktop/hsin849/digital_system_design_vhdl/noise_reduction/noise_reduction_filter.vhd Line: 11
    Warning (13410): Pin "data_out[13]" is stuck at GND File: //files.auckland.ac.nz/myhome/Desktop/hsin849/digital_system_design_vhdl/noise_reduction/noise_reduction_filter.vhd Line: 11
    Warning (13410): Pin "data_out[14]" is stuck at GND File: //files.auckland.ac.nz/myhome/Desktop/hsin849/digital_system_design_vhdl/noise_reduction/noise_reduction_filter.vhd Line: 11
    Warning (13410): Pin "data_out[15]" is stuck at GND File: //files.auckland.ac.nz/myhome/Desktop/hsin849/digital_system_design_vhdl/noise_reduction/noise_reduction_filter.vhd Line: 11
Info (286030): Timing-Driven Synthesis is running
Info (17036): Removed 4 MSB VCC or GND address nodes from RAM block "averaging_filter:avg_fil|altsyncram:backlog_rtl_0|altsyncram_3iq1:auto_generated|ALTSYNCRAM" File: //files.auckland.ac.nz/myhome/Desktop/hsin849/digital_system_design_vhdl/noise_reduction/db/altsyncram_3iq1.tdf Line: 230
Info (16010): Generating hard_block partition "hard_block:auto_generated_inst"
    Info (16011): Adding 0 node(s), including 0 DDIO, 0 PLL, 0 transceiver and 0 LCELL
Info (21057): Implemented 654 device resources after synthesis - the final resource count might be different
    Info (21058): Implemented 17 input pins
    Info (21059): Implemented 16 output pins
    Info (21061): Implemented 605 logic cells
    Info (21064): Implemented 16 RAM segments
Info: Quartus Prime Analysis & Synthesis was successful. 0 errors, 18 warnings
    Info: Peak virtual memory: 4899 megabytes
    Info: Processing ended: Wed May 19 22:02:02 2021
    Info: Elapsed time: 00:00:17
    Info: Total CPU time (on all processors): 00:00:20


