Flow report for noise_reduction
Wed May 19 22:03:28 2021
Quartus Prime Version 18.1.0 Build 625 09/12/2018 SJ Standard Edition


---------------------
; Table of Contents ;
---------------------
  1. Legal Notice
  2. Flow Summary
  3. Flow Settings
  4. Flow Non-Default Global Settings
  5. Flow Elapsed Time
  6. Flow OS Summary
  7. Flow Log
  8. Flow Messages
  9. Flow Suppressed Messages



----------------
; Legal Notice ;
----------------
Copyright (C) 2018  Intel Corporation. All rights reserved.
Your use of Intel Corporation's design tools, logic functions 
and other software and tools, and its AMPP partner logic 
functions, and any output files from any of the foregoing 
(including device programming or simulation files), and any 
associated documentation or information are expressly subject 
to the terms and conditions of the Intel Program License 
Subscription Agreement, the Intel Quartus Prime License Agreement,
the Intel FPGA IP License Agreement, or other applicable license
agreement, including, without limitation, that your use is for
the sole purpose of programming logic devices manufactured by
Intel and sold by Intel or its authorized distributors.  Please
refer to the applicable agreement for further details.



+-----------------------------------------------------------------------------------+
; Flow Summary                                                                      ;
+---------------------------------+-------------------------------------------------+
; Flow Status                     ; Successful - Wed May 19 22:03:28 2021           ;
; Quartus Prime Version           ; 18.1.0 Build 625 09/12/2018 SJ Standard Edition ;
; Revision Name                   ; noise_reduction                                 ;
; Top-level Entity Name           ; noise_reduction_filter                          ;
; Family                          ; Cyclone V                                       ;
; Device                          ; 5CSEMA5F31C6                                    ;
; Timing Models                   ; Final                                           ;
; Logic utilization (in ALMs)     ; 195 / 32,070 ( < 1 % )                          ;
; Total registers                 ; 368                                             ;
; Total pins                      ; 33 / 457 ( 7 % )                                ;
; Total virtual pins              ; 0                                               ;
; Total block memory bits         ; 64 / 4,065,280 ( < 1 % )                        ;
; Total DSP Blocks                ; 0 / 87 ( 0 % )                                  ;
; Total HSSI RX PCSs              ; 0                                               ;
; Total HSSI PMA RX Deserializers ; 0                                               ;
; Total HSSI TX PCSs              ; 0                                               ;
; Total HSSI PMA TX Serializers   ; 0                                               ;
; Total PLLs                      ; 0 / 6 ( 0 % )                                   ;
; Total DLLs                      ; 0 / 4 ( 0 % )                                   ;
+---------------------------------+-------------------------------------------------+


+-----------------------------------------+
; Flow Settings                           ;
+-------------------+---------------------+
; Option            ; Setting             ;
+-------------------+---------------------+
; Start date & time ; 05/19/2021 22:01:46 ;
; Main task         ; Compilation         ;
; Revision Name     ; noise_reduction     ;
+-------------------+---------------------+


+------------------------------------------------------------------------------------------------------------------------------------------+
; Flow Non-Default Global Settings                                                                                                         ;
+-------------------------------------+----------------------------------------+-----------------+------------------------+----------------+
; Assignment Name                     ; Value                                  ; Default Value   ; Entity Name            ; Section Id     ;
+-------------------------------------+----------------------------------------+-----------------+------------------------+----------------+
; COMPILER_SIGNATURE_ID               ; 251053328768776.162141850503836        ; --              ; --                     ; --             ;
; EDA_NETLIST_WRITER_OUTPUT_DIR       ; simulation/modelsim                    ; --              ; --                     ; eda_simulation ;
; EDA_OUTPUT_DATA_FORMAT              ; Vhdl                                   ; --              ; --                     ; eda_simulation ;
; EDA_SIMULATION_TOOL                 ; ModelSim (VHDL)                        ; <None>          ; --                     ; --             ;
; EDA_TIME_SCALE                      ; 1 ps                                   ; --              ; --                     ; eda_simulation ;
; PARTITION_COLOR                     ; -- (Not supported for targeted family) ; --              ; noise_reduction_filter ; Top            ;
; PARTITION_FITTER_PRESERVATION_LEVEL ; -- (Not supported for targeted family) ; --              ; noise_reduction_filter ; Top            ;
; PARTITION_NETLIST_TYPE              ; -- (Not supported for targeted family) ; --              ; noise_reduction_filter ; Top            ;
; PROJECT_OUTPUT_DIRECTORY            ; output_files                           ; --              ; --                     ; --             ;
; TOP_LEVEL_ENTITY                    ; noise_reduction_filter                 ; noise_reduction ; --                     ; --             ;
+-------------------------------------+----------------------------------------+-----------------+------------------------+----------------+


+--------------------------------------------------------------------------------------------------------------------------+
; Flow Elapsed Time                                                                                                        ;
+----------------------+--------------+-------------------------+---------------------+------------------------------------+
; Module Name          ; Elapsed Time ; Average Processors Used ; Peak Virtual Memory ; Total CPU Time (on all processors) ;
+----------------------+--------------+-------------------------+---------------------+------------------------------------+
; Analysis & Synthesis ; 00:00:16     ; 1.0                     ; 4899 MB             ; 00:00:19                           ;
; Fitter               ; 00:00:39     ; 1.0                     ; 7146 MB             ; 00:01:48                           ;
; Assembler            ; 00:00:07     ; 1.0                     ; 4832 MB             ; 00:00:05                           ;
; Timing Analyzer      ; 00:00:10     ; 1.1                     ; 5222 MB             ; 00:00:06                           ;
; EDA Netlist Writer   ; 00:00:02     ; 1.0                     ; 4751 MB             ; 00:00:01                           ;
; EDA Netlist Writer   ; 00:00:01     ; 1.0                     ; 4714 MB             ; 00:00:01                           ;
; Total                ; 00:01:15     ; --                      ; --                  ; 00:02:20                           ;
+----------------------+--------------+-------------------------+---------------------+------------------------------------+


+------------------------------------------------------------------------------------+
; Flow OS Summary                                                                    ;
+----------------------+------------------+------------+------------+----------------+
; Module Name          ; Machine Hostname ; OS Name    ; OS Version ; Processor type ;
+----------------------+------------------+------------+------------+----------------+
; Analysis & Synthesis ; EN399254         ; Windows 10 ; 10.0       ; x86_64         ;
; Fitter               ; EN399254         ; Windows 10 ; 10.0       ; x86_64         ;
; Assembler            ; EN399254         ; Windows 10 ; 10.0       ; x86_64         ;
; Timing Analyzer      ; EN399254         ; Windows 10 ; 10.0       ; x86_64         ;
; EDA Netlist Writer   ; EN399254         ; Windows 10 ; 10.0       ; x86_64         ;
; EDA Netlist Writer   ; EN399254         ; Windows 10 ; 10.0       ; x86_64         ;
+----------------------+------------------+------------+------------+----------------+


------------
; Flow Log ;
------------
quartus_map --read_settings_files=on --write_settings_files=off noise_reduction -c noise_reduction
quartus_fit --read_settings_files=off --write_settings_files=off noise_reduction -c noise_reduction
quartus_asm --read_settings_files=off --write_settings_files=off noise_reduction -c noise_reduction
quartus_sta noise_reduction -c noise_reduction
quartus_eda --read_settings_files=off --write_settings_files=off noise_reduction -c noise_reduction
quartus_eda --read_settings_files=on --write_settings_files=off noise_reduction -c noise_reduction --gen_testbench



